{"/Users/thanush/Desktop/Jawad/server/server.js": {"path":"/Users/thanush/Desktop/Jawad/server/server.js","statementMap":{"0":{"start":{"line":6,"column":13},"end":{"line":6,"column":28}},"1":{"start":{"line":7,"column":0},"end":{"line":7,"column":68}},"2":{"start":{"line":9,"column":16},"end":{"line":9,"column":34}},"3":{"start":{"line":10,"column":13},"end":{"line":10,"column":28}},"4":{"start":{"line":11,"column":15},"end":{"line":11,"column":32}},"5":{"start":{"line":12,"column":18},"end":{"line":12,"column":40}},"6":{"start":{"line":13,"column":37},"end":{"line":13,"column":63}},"7":{"start":{"line":16,"column":22},"end":{"line":16,"column":50}},"8":{"start":{"line":17,"column":19},"end":{"line":17,"column":43}},"9":{"start":{"line":18,"column":20},"end":{"line":18,"column":46}},"10":{"start":{"line":19,"column":22},"end":{"line":19,"column":50}},"11":{"start":{"line":22,"column":12},"end":{"line":22,"column":21}},"12":{"start":{"line":25,"column":15},"end":{"line":25,"column":30}},"13":{"start":{"line":28,"column":0},"end":{"line":28,"column":31}},"14":{"start":{"line":31,"column":0},"end":{"line":31,"column":12}},"15":{"start":{"line":34,"column":0},"end":{"line":34,"column":18}},"16":{"start":{"line":37,"column":20},"end":{"line":42,"column":1}},"17":{"start":{"line":43,"column":0},"end":{"line":43,"column":27}},"18":{"start":{"line":46,"column":0},"end":{"line":46,"column":41}},"19":{"start":{"line":47,"column":0},"end":{"line":47,"column":63}},"20":{"start":{"line":50,"column":0},"end":{"line":55,"column":1}},"21":{"start":{"line":51,"column":4},"end":{"line":54,"column":7}},"22":{"start":{"line":52,"column":8},"end":{"line":52,"column":79}},"23":{"start":{"line":53,"column":8},"end":{"line":53,"column":15}},"24":{"start":{"line":58,"column":0},"end":{"line":64,"column":3}},"25":{"start":{"line":59,"column":4},"end":{"line":63,"column":7}},"26":{"start":{"line":67,"column":0},"end":{"line":67,"column":40}},"27":{"start":{"line":68,"column":0},"end":{"line":68,"column":33}},"28":{"start":{"line":69,"column":0},"end":{"line":69,"column":36}},"29":{"start":{"line":70,"column":0},"end":{"line":70,"column":40}},"30":{"start":{"line":73,"column":0},"end":{"line":78,"column":3}},"31":{"start":{"line":74,"column":4},"end":{"line":77,"column":7}},"32":{"start":{"line":81,"column":0},"end":{"line":81,"column":29}},"33":{"start":{"line":84,"column":0},"end":{"line":126,"column":3}},"34":{"start":{"line":86,"column":4},"end":{"line":88,"column":5}},"35":{"start":{"line":87,"column":8},"end":{"line":87,"column":37}},"36":{"start":{"line":91,"column":4},"end":{"line":99,"column":5}},"37":{"start":{"line":92,"column":8},"end":{"line":98,"column":11}},"38":{"start":{"line":102,"column":4},"end":{"line":109,"column":5}},"39":{"start":{"line":103,"column":23},"end":{"line":103,"column":68}},"40":{"start":{"line":103,"column":58},"end":{"line":103,"column":67}},"41":{"start":{"line":104,"column":8},"end":{"line":108,"column":11}},"42":{"start":{"line":112,"column":4},"end":{"line":117,"column":5}},"43":{"start":{"line":113,"column":8},"end":{"line":116,"column":11}},"44":{"start":{"line":120,"column":4},"end":{"line":125,"column":7}},"45":{"start":{"line":129,"column":13},"end":{"line":129,"column":37}},"46":{"start":{"line":131,"column":0},"end":{"line":144,"column":1}},"47":{"start":{"line":132,"column":4},"end":{"line":143,"column":7}},"48":{"start":{"line":133,"column":8},"end":{"line":142,"column":11}},"49":{"start":{"line":146,"column":0},"end":{"line":146,"column":21}}},"fnMap":{"0":{"name":"(anonymous_0)","decl":{"start":{"line":51,"column":12},"end":{"line":51,"column":13}},"loc":{"start":{"line":51,"column":32},"end":{"line":54,"column":5}},"line":51},"1":{"name":"(anonymous_1)","decl":{"start":{"line":58,"column":19},"end":{"line":58,"column":20}},"loc":{"start":{"line":58,"column":33},"end":{"line":64,"column":1}},"line":58},"2":{"name":"(anonymous_2)","decl":{"start":{"line":73,"column":8},"end":{"line":73,"column":9}},"loc":{"start":{"line":73,"column":22},"end":{"line":78,"column":1}},"line":73},"3":{"name":"(anonymous_3)","decl":{"start":{"line":84,"column":8},"end":{"line":84,"column":9}},"loc":{"start":{"line":84,"column":33},"end":{"line":126,"column":1}},"line":84},"4":{"name":"(anonymous_4)","decl":{"start":{"line":103,"column":53},"end":{"line":103,"column":54}},"loc":{"start":{"line":103,"column":58},"end":{"line":103,"column":67}},"line":103},"5":{"name":"(anonymous_5)","decl":{"start":{"line":132,"column":21},"end":{"line":132,"column":22}},"loc":{"start":{"line":132,"column":27},"end":{"line":143,"column":5}},"line":132}},"branchMap":{"0":{"loc":{"start":{"line":38,"column":12},"end":{"line":38,"column":63}},"type":"binary-expr","locations":[{"start":{"line":38,"column":12},"end":{"line":38,"column":36}},{"start":{"line":38,"column":40},"end":{"line":38,"column":63}}],"line":38},"1":{"loc":{"start":{"line":50,"column":0},"end":{"line":55,"column":1}},"type":"if","locations":[{"start":{"line":50,"column":0},"end":{"line":55,"column":1}},{"start":{},"end":{}}],"line":50},"2":{"loc":{"start":{"line":86,"column":4},"end":{"line":88,"column":5}},"type":"if","locations":[{"start":{"line":86,"column":4},"end":{"line":88,"column":5}},{"start":{},"end":{}}],"line":86},"3":{"loc":{"start":{"line":91,"column":4},"end":{"line":99,"column":5}},"type":"if","locations":[{"start":{"line":91,"column":4},"end":{"line":99,"column":5}},{"start":{},"end":{}}],"line":91},"4":{"loc":{"start":{"line":91,"column":8},"end":{"line":91,"column":40}},"type":"binary-expr","locations":[{"start":{"line":91,"column":8},"end":{"line":91,"column":19}},{"start":{"line":91,"column":23},"end":{"line":91,"column":40}}],"line":91},"5":{"loc":{"start":{"line":102,"column":4},"end":{"line":109,"column":5}},"type":"if","locations":[{"start":{"line":102,"column":4},"end":{"line":109,"column":5}},{"start":{},"end":{}}],"line":102},"6":{"loc":{"start":{"line":112,"column":4},"end":{"line":117,"column":5}},"type":"if","locations":[{"start":{"line":112,"column":4},"end":{"line":117,"column":5}},{"start":{},"end":{}}],"line":112},"7":{"loc":{"start":{"line":120,"column":15},"end":{"line":120,"column":32}},"type":"binary-expr","locations":[{"start":{"line":120,"column":15},"end":{"line":120,"column":25}},{"start":{"line":120,"column":29},"end":{"line":120,"column":32}}],"line":120},"8":{"loc":{"start":{"line":122,"column":17},"end":{"line":124,"column":52}},"type":"cond-expr","locations":[{"start":{"line":123,"column":14},"end":{"line":123,"column":37}},{"start":{"line":124,"column":14},"end":{"line":124,"column":52}}],"line":122},"9":{"loc":{"start":{"line":124,"column":14},"end":{"line":124,"column":52}},"type":"binary-expr","locations":[{"start":{"line":124,"column":14},"end":{"line":124,"column":25}},{"start":{"line":124,"column":29},"end":{"line":124,"column":52}}],"line":124},"10":{"loc":{"start":{"line":129,"column":13},"end":{"line":129,"column":37}},"type":"binary-expr","locations":[{"start":{"line":129,"column":13},"end":{"line":129,"column":29}},{"start":{"line":129,"column":33},"end":{"line":129,"column":37}}],"line":129},"11":{"loc":{"start":{"line":131,"column":0},"end":{"line":144,"column":1}},"type":"if","locations":[{"start":{"line":131,"column":0},"end":{"line":144,"column":1}},{"start":{},"end":{}}],"line":131},"12":{"loc":{"start":{"line":139,"column":19},"end":{"line":139,"column":56}},"type":"binary-expr","locations":[{"start":{"line":139,"column":19},"end":{"line":139,"column":39}},{"start":{"line":139,"column":43},"end":{"line":139,"column":56}}],"line":139}},"s":{"0":0,"1":0,"2":0,"3":0,"4":0,"5":0,"6":0,"7":0,"8":0,"9":0,"10":0,"11":0,"12":0,"13":0,"14":0,"15":0,"16":0,"17":0,"18":0,"19":0,"20":0,"21":0,"22":0,"23":0,"24":0,"25":0,"26":0,"27":0,"28":0,"29":0,"30":0,"31":0,"32":0,"33":0,"34":0,"35":0,"36":0,"37":0,"38":0,"39":0,"40":0,"41":0,"42":0,"43":0,"44":0,"45":0,"46":0,"47":0,"48":0,"49":0},"f":{"0":0,"1":0,"2":0,"3":0,"4":0,"5":0},"b":{"0":[0,0],"1":[0,0],"2":[0,0],"3":[0,0],"4":[0,0],"5":[0,0],"6":[0,0],"7":[0,0],"8":[0,0],"9":[0,0],"10":[0,0],"11":[0,0],"12":[0,0]}}
,"/Users/thanush/Desktop/Jawad/server/config/db.js": {"path":"/Users/thanush/Desktop/Jawad/server/config/db.js","statementMap":{"0":{"start":{"line":5,"column":17},"end":{"line":5,"column":36}},"1":{"start":{"line":7,"column":18},"end":{"line":45,"column":1}},"2":{"start":{"line":8,"column":4},"end":{"line":44,"column":5}},"3":{"start":{"line":9,"column":25},"end":{"line":9,"column":87}},"4":{"start":{"line":11,"column":24},"end":{"line":14,"column":9}},"5":{"start":{"line":16,"column":21},"end":{"line":16,"column":62}},"6":{"start":{"line":18,"column":8},"end":{"line":18,"column":66}},"7":{"start":{"line":21,"column":8},"end":{"line":23,"column":11}},"8":{"start":{"line":22,"column":12},"end":{"line":22,"column":60}},"9":{"start":{"line":25,"column":8},"end":{"line":27,"column":11}},"10":{"start":{"line":26,"column":12},"end":{"line":26,"column":77}},"11":{"start":{"line":29,"column":8},"end":{"line":31,"column":11}},"12":{"start":{"line":30,"column":12},"end":{"line":30,"column":47}},"13":{"start":{"line":34,"column":8},"end":{"line":38,"column":11}},"14":{"start":{"line":35,"column":12},"end":{"line":35,"column":46}},"15":{"start":{"line":36,"column":12},"end":{"line":36,"column":76}},"16":{"start":{"line":37,"column":12},"end":{"line":37,"column":28}},"17":{"start":{"line":41,"column":8},"end":{"line":41,"column":69}},"18":{"start":{"line":43,"column":8},"end":{"line":43,"column":60}},"19":{"start":{"line":47,"column":0},"end":{"line":47,"column":27}}},"fnMap":{"0":{"name":"(anonymous_0)","decl":{"start":{"line":7,"column":18},"end":{"line":7,"column":19}},"loc":{"start":{"line":7,"column":30},"end":{"line":45,"column":1}},"line":7},"1":{"name":"(anonymous_1)","decl":{"start":{"line":21,"column":40},"end":{"line":21,"column":41}},"loc":{"start":{"line":21,"column":49},"end":{"line":23,"column":9}},"line":21},"2":{"name":"(anonymous_2)","decl":{"start":{"line":25,"column":47},"end":{"line":25,"column":48}},"loc":{"start":{"line":25,"column":53},"end":{"line":27,"column":9}},"line":25},"3":{"name":"(anonymous_3)","decl":{"start":{"line":29,"column":46},"end":{"line":29,"column":47}},"loc":{"start":{"line":29,"column":52},"end":{"line":31,"column":9}},"line":29},"4":{"name":"(anonymous_4)","decl":{"start":{"line":34,"column":29},"end":{"line":34,"column":30}},"loc":{"start":{"line":34,"column":41},"end":{"line":38,"column":9}},"line":34}},"branchMap":{"0":{"loc":{"start":{"line":9,"column":25},"end":{"line":9,"column":87}},"type":"binary-expr","locations":[{"start":{"line":9,"column":25},"end":{"line":9,"column":48}},{"start":{"line":9,"column":52},"end":{"line":9,"column":87}}],"line":9}},"s":{"0":0,"1":0,"2":0,"3":0,"4":0,"5":0,"6":0,"7":0,"8":0,"9":0,"10":0,"11":0,"12":0,"13":0,"14":0,"15":0,"16":0,"17":0,"18":0,"19":0},"f":{"0":0,"1":0,"2":0,"3":0,"4":0},"b":{"0":[0,0]}}
,"/Users/thanush/Desktop/Jawad/server/config/sentry.js": {"path":"/Users/thanush/Desktop/Jawad/server/config/sentry.js","statementMap":{"0":{"start":{"line":11,"column":15},"end":{"line":11,"column":38}},"1":{"start":{"line":14,"column":27},"end":{"line":16,"column":1}},"2":{"start":{"line":15,"column":4},"end":{"line":15,"column":36}},"3":{"start":{"line":19,"column":19},"end":{"line":92,"column":1}},"4":{"start":{"line":20,"column":4},"end":{"line":28,"column":5}},"5":{"start":{"line":21,"column":8},"end":{"line":21,"column":77}},"6":{"start":{"line":22,"column":8},"end":{"line":27,"column":10}},"7":{"start":{"line":23,"column":48},"end":{"line":23,"column":54}},"8":{"start":{"line":24,"column":51},"end":{"line":24,"column":60}},"9":{"start":{"line":30,"column":4},"end":{"line":77,"column":7}},"10":{"start":{"line":43,"column":12},"end":{"line":46,"column":13}},"11":{"start":{"line":44,"column":16},"end":{"line":44,"column":59}},"12":{"start":{"line":45,"column":16},"end":{"line":45,"column":52}},"13":{"start":{"line":49,"column":12},"end":{"line":64,"column":13}},"14":{"start":{"line":50,"column":29},"end":{"line":52,"column":40}},"15":{"start":{"line":55,"column":16},"end":{"line":58,"column":17}},"16":{"start":{"line":56,"column":20},"end":{"line":56,"column":106}},"17":{"start":{"line":56,"column":45},"end":{"line":56,"column":106}},"18":{"start":{"line":57,"column":20},"end":{"line":57,"column":83}},"19":{"start":{"line":57,"column":45},"end":{"line":57,"column":83}},"20":{"start":{"line":59,"column":16},"end":{"line":61,"column":17}},"21":{"start":{"line":60,"column":20},"end":{"line":60,"column":94}},"22":{"start":{"line":63,"column":16},"end":{"line":63,"column":58}},"23":{"start":{"line":66,"column":12},"end":{"line":66,"column":25}},"24":{"start":{"line":79,"column":4},"end":{"line":79,"column":55}},"25":{"start":{"line":81,"column":4},"end":{"line":91,"column":6}},"26":{"start":{"line":86,"column":16},"end":{"line":86,"column":60}},"27":{"start":{"line":95,"column":21},"end":{"line":116,"column":1}},"28":{"start":{"line":96,"column":4},"end":{"line":96,"column":38}},"29":{"start":{"line":96,"column":31},"end":{"line":96,"column":38}},"30":{"start":{"line":98,"column":4},"end":{"line":115,"column":7}},"31":{"start":{"line":100,"column":8},"end":{"line":104,"column":9}},"32":{"start":{"line":101,"column":12},"end":{"line":103,"column":15}},"33":{"start":{"line":106,"column":8},"end":{"line":108,"column":9}},"34":{"start":{"line":107,"column":12},"end":{"line":107,"column":53}},"35":{"start":{"line":110,"column":8},"end":{"line":112,"column":9}},"36":{"start":{"line":111,"column":12},"end":{"line":111,"column":43}},"37":{"start":{"line":114,"column":8},"end":{"line":114,"column":39}},"38":{"start":{"line":119,"column":28},"end":{"line":129,"column":1}},"39":{"start":{"line":120,"column":4},"end":{"line":120,"column":38}},"40":{"start":{"line":120,"column":31},"end":{"line":120,"column":38}},"41":{"start":{"line":122,"column":4},"end":{"line":128,"column":7}},"42":{"start":{"line":123,"column":8},"end":{"line":123,"column":40}},"43":{"start":{"line":124,"column":8},"end":{"line":124,"column":41}},"44":{"start":{"line":125,"column":8},"end":{"line":125,"column":60}},"45":{"start":{"line":125,"column":23},"end":{"line":125,"column":60}},"46":{"start":{"line":126,"column":8},"end":{"line":126,"column":32}},"47":{"start":{"line":127,"column":8},"end":{"line":127,"column":39}},"48":{"start":{"line":132,"column":25},"end":{"line":140,"column":1}},"49":{"start":{"line":133,"column":4},"end":{"line":133,"column":38}},"50":{"start":{"line":133,"column":31},"end":{"line":133,"column":38}},"51":{"start":{"line":135,"column":4},"end":{"line":139,"column":7}},"52":{"start":{"line":136,"column":8},"end":{"line":136,"column":34}},"53":{"start":{"line":137,"column":8},"end":{"line":137,"column":30}},"54":{"start":{"line":138,"column":8},"end":{"line":138,"column":39}},"55":{"start":{"line":142,"column":0},"end":{"line":148,"column":2}}},"fnMap":{"0":{"name":"(anonymous_0)","decl":{"start":{"line":14,"column":27},"end":{"line":14,"column":28}},"loc":{"start":{"line":14,"column":33},"end":{"line":16,"column":1}},"line":14},"1":{"name":"(anonymous_1)","decl":{"start":{"line":19,"column":19},"end":{"line":19,"column":20}},"loc":{"start":{"line":19,"column":28},"end":{"line":92,"column":1}},"line":19},"2":{"name":"(anonymous_2)","decl":{"start":{"line":23,"column":28},"end":{"line":23,"column":29}},"loc":{"start":{"line":23,"column":48},"end":{"line":23,"column":54}},"line":23},"3":{"name":"(anonymous_3)","decl":{"start":{"line":24,"column":26},"end":{"line":24,"column":27}},"loc":{"start":{"line":24,"column":51},"end":{"line":24,"column":60}},"line":24},"4":{"name":"(anonymous_4)","decl":{"start":{"line":25,"column":30},"end":{"line":25,"column":31}},"loc":{"start":{"line":25,"column":36},"end":{"line":25,"column":38}},"line":25},"5":{"name":"(anonymous_5)","decl":{"start":{"line":26,"column":28},"end":{"line":26,"column":29}},"loc":{"start":{"line":26,"column":34},"end":{"line":26,"column":36}},"line":26},"6":{"name":"(anonymous_6)","decl":{"start":{"line":41,"column":8},"end":{"line":41,"column":9}},"loc":{"start":{"line":41,"column":32},"end":{"line":67,"column":9}},"line":41},"7":{"name":"(anonymous_7)","decl":{"start":{"line":84,"column":12},"end":{"line":84,"column":13}},"loc":{"start":{"line":84,"column":37},"end":{"line":87,"column":13}},"line":84},"8":{"name":"(anonymous_8)","decl":{"start":{"line":95,"column":21},"end":{"line":95,"column":22}},"loc":{"start":{"line":95,"column":46},"end":{"line":116,"column":1}},"line":95},"9":{"name":"(anonymous_9)","decl":{"start":{"line":98,"column":21},"end":{"line":98,"column":22}},"loc":{"start":{"line":98,"column":32},"end":{"line":115,"column":5}},"line":98},"10":{"name":"(anonymous_10)","decl":{"start":{"line":119,"column":28},"end":{"line":119,"column":29}},"loc":{"start":{"line":119,"column":59},"end":{"line":129,"column":1}},"line":119},"11":{"name":"(anonymous_11)","decl":{"start":{"line":122,"column":21},"end":{"line":122,"column":22}},"loc":{"start":{"line":122,"column":32},"end":{"line":128,"column":5}},"line":122},"12":{"name":"(anonymous_12)","decl":{"start":{"line":132,"column":25},"end":{"line":132,"column":26}},"loc":{"start":{"line":132,"column":49},"end":{"line":140,"column":1}},"line":132},"13":{"name":"(anonymous_13)","decl":{"start":{"line":135,"column":21},"end":{"line":135,"column":22}},"loc":{"start":{"line":135,"column":32},"end":{"line":139,"column":5}},"line":135}},"branchMap":{"0":{"loc":{"start":{"line":20,"column":4},"end":{"line":28,"column":5}},"type":"if","locations":[{"start":{"line":20,"column":4},"end":{"line":28,"column":5}},{"start":{},"end":{}}],"line":20},"1":{"loc":{"start":{"line":32,"column":21},"end":{"line":32,"column":58}},"type":"binary-expr","locations":[{"start":{"line":32,"column":21},"end":{"line":32,"column":41}},{"start":{"line":32,"column":45},"end":{"line":32,"column":58}}],"line":32},"2":{"loc":{"start":{"line":35,"column":26},"end":{"line":35,"column":75}},"type":"cond-expr","locations":[{"start":{"line":35,"column":66},"end":{"line":35,"column":69}},{"start":{"line":35,"column":72},"end":{"line":35,"column":75}}],"line":35},"3":{"loc":{"start":{"line":38,"column":17},"end":{"line":38,"column":62}},"type":"binary-expr","locations":[{"start":{"line":38,"column":17},"end":{"line":38,"column":43}},{"start":{"line":38,"column":47},"end":{"line":38,"column":62}}],"line":38},"4":{"loc":{"start":{"line":43,"column":12},"end":{"line":46,"column":13}},"type":"if","locations":[{"start":{"line":43,"column":12},"end":{"line":46,"column":13}},{"start":{},"end":{}}],"line":43},"5":{"loc":{"start":{"line":43,"column":16},"end":{"line":43,"column":54}},"type":"binary-expr","locations":[{"start":{"line":43,"column":16},"end":{"line":43,"column":29}},{"start":{"line":43,"column":33},"end":{"line":43,"column":54}}],"line":43},"6":{"loc":{"start":{"line":49,"column":12},"end":{"line":64,"column":13}},"type":"if","locations":[{"start":{"line":49,"column":12},"end":{"line":64,"column":13}},{"start":{},"end":{}}],"line":49},"7":{"loc":{"start":{"line":49,"column":16},"end":{"line":49,"column":51}},"type":"binary-expr","locations":[{"start":{"line":49,"column":16},"end":{"line":49,"column":29}},{"start":{"line":49,"column":33},"end":{"line":49,"column":51}}],"line":49},"8":{"loc":{"start":{"line":50,"column":29},"end":{"line":52,"column":40}},"type":"cond-expr","locations":[{"start":{"line":51,"column":22},"end":{"line":51,"column":52}},{"start":{"line":52,"column":22},"end":{"line":52,"column":40}}],"line":50},"9":{"loc":{"start":{"line":55,"column":16},"end":{"line":58,"column":17}},"type":"if","locations":[{"start":{"line":55,"column":16},"end":{"line":58,"column":17}},{"start":{},"end":{}}],"line":55},"10":{"loc":{"start":{"line":56,"column":20},"end":{"line":56,"column":106}},"type":"if","locations":[{"start":{"line":56,"column":20},"end":{"line":56,"column":106}},{"start":{},"end":{}}],"line":56},"11":{"loc":{"start":{"line":57,"column":20},"end":{"line":57,"column":83}},"type":"if","locations":[{"start":{"line":57,"column":20},"end":{"line":57,"column":83}},{"start":{},"end":{}}],"line":57},"12":{"loc":{"start":{"line":59,"column":16},"end":{"line":61,"column":17}},"type":"if","locations":[{"start":{"line":59,"column":16},"end":{"line":61,"column":17}},{"start":{},"end":{}}],"line":59},"13":{"loc":{"start":{"line":86,"column":23},"end":{"line":86,"column":59}},"type":"binary-expr","locations":[{"start":{"line":86,"column":23},"end":{"line":86,"column":42}},{"start":{"line":86,"column":46},"end":{"line":86,"column":59}}],"line":86},"14":{"loc":{"start":{"line":95,"column":29},"end":{"line":95,"column":41}},"type":"default-arg","locations":[{"start":{"line":95,"column":39},"end":{"line":95,"column":41}}],"line":95},"15":{"loc":{"start":{"line":96,"column":4},"end":{"line":96,"column":38}},"type":"if","locations":[{"start":{"line":96,"column":4},"end":{"line":96,"column":38}},{"start":{},"end":{}}],"line":96},"16":{"loc":{"start":{"line":100,"column":8},"end":{"line":104,"column":9}},"type":"if","locations":[{"start":{"line":100,"column":8},"end":{"line":104,"column":9}},{"start":{},"end":{}}],"line":100},"17":{"loc":{"start":{"line":102,"column":23},"end":{"line":102,"column":93}},"type":"cond-expr","locations":[{"start":{"line":102,"column":44},"end":{"line":102,"column":81}},{"start":{"line":102,"column":84},"end":{"line":102,"column":93}}],"line":102},"18":{"loc":{"start":{"line":106,"column":8},"end":{"line":108,"column":9}},"type":"if","locations":[{"start":{"line":106,"column":8},"end":{"line":108,"column":9}},{"start":{},"end":{}}],"line":106},"19":{"loc":{"start":{"line":110,"column":8},"end":{"line":112,"column":9}},"type":"if","locations":[{"start":{"line":110,"column":8},"end":{"line":112,"column":9}},{"start":{},"end":{}}],"line":110},"20":{"loc":{"start":{"line":120,"column":4},"end":{"line":120,"column":38}},"type":"if","locations":[{"start":{"line":120,"column":4},"end":{"line":120,"column":38}},{"start":{},"end":{}}],"line":120},"21":{"loc":{"start":{"line":125,"column":8},"end":{"line":125,"column":60}},"type":"if","locations":[{"start":{"line":125,"column":8},"end":{"line":125,"column":60}},{"start":{},"end":{}}],"line":125},"22":{"loc":{"start":{"line":132,"column":35},"end":{"line":132,"column":44}},"type":"default-arg","locations":[{"start":{"line":132,"column":42},"end":{"line":132,"column":44}}],"line":132},"23":{"loc":{"start":{"line":133,"column":4},"end":{"line":133,"column":38}},"type":"if","locations":[{"start":{"line":133,"column":4},"end":{"line":133,"column":38}},{"start":{},"end":{}}],"line":133}},"s":{"0":0,"1":0,"2":0,"3":0,"4":0,"5":0,"6":0,"7":0,"8":0,"9":0,"10":0,"11":0,"12":0,"13":0,"14":0,"15":0,"16":0,"17":0,"18":0,"19":0,"20":0,"21":0,"22":0,"23":0,"24":0,"25":0,"26":0,"27":0,"28":0,"29":0,"30":0,"31":0,"32":0,"33":0,"34":0,"35":0,"36":0,"37":0,"38":0,"39":0,"40":0,"41":0,"42":0,"43":0,"44":0,"45":0,"46":0,"47":0,"48":0,"49":0,"50":0,"51":0,"52":0,"53":0,"54":0,"55":0},"f":{"0":0,"1":0,"2":0,"3":0,"4":0,"5":0,"6":0,"7":0,"8":0,"9":0,"10":0,"11":0,"12":0,"13":0},"b":{"0":[0,0],"1":[0,0],"2":[0,0],"3":[0,0],"4":[0,0],"5":[0,0],"6":[0,0],"7":[0,0],"8":[0,0],"9":[0,0],"10":[0,0],"11":[0,0],"12":[0,0],"13":[0,0],"14":[0],"15":[0,0],"16":[0,0],"17":[0,0],"18":[0,0],"19":[0,0],"20":[0,0],"21":[0,0],"22":[0],"23":[0,0]}}
,"/Users/thanush/Desktop/Jawad/server/controllers/cartController.js": {"path":"/Users/thanush/Desktop/Jawad/server/controllers/cartController.js","statementMap":{"0":{"start":{"line":6,"column":28},"end":{"line":6,"column":58}},"1":{"start":{"line":9,"column":24},"end":{"line":9,"column":26}},"2":{"start":{"line":10,"column":28},"end":{"line":10,"column":31}},"3":{"start":{"line":11,"column":25},"end":{"line":11,"column":28}},"4":{"start":{"line":17,"column":0},"end":{"line":86,"column":2}},"5":{"start":{"line":18,"column":4},"end":{"line":85,"column":5}},"6":{"start":{"line":19,"column":26},"end":{"line":19,"column":34}},"7":{"start":{"line":21,"column":8},"end":{"line":26,"column":9}},"8":{"start":{"line":22,"column":12},"end":{"line":25,"column":15}},"9":{"start":{"line":28,"column":31},"end":{"line":28,"column":33}},"10":{"start":{"line":29,"column":23},"end":{"line":29,"column":25}},"11":{"start":{"line":31,"column":8},"end":{"line":56,"column":9}},"12":{"start":{"line":32,"column":54},"end":{"line":32,"column":58}},"13":{"start":{"line":35,"column":33},"end":{"line":35,"column":69}},"14":{"start":{"line":37,"column":12},"end":{"line":44,"column":13}},"15":{"start":{"line":38,"column":16},"end":{"line":42,"column":19}},"16":{"start":{"line":43,"column":16},"end":{"line":43,"column":25}},"17":{"start":{"line":47,"column":33},"end":{"line":47,"column":60}},"18":{"start":{"line":49,"column":12},"end":{"line":55,"column":15}},"19":{"start":{"line":59,"column":25},"end":{"line":59,"column":82}},"20":{"start":{"line":59,"column":62},"end":{"line":59,"column":78}},"21":{"start":{"line":60,"column":31},"end":{"line":60,"column":84}},"22":{"start":{"line":61,"column":22},"end":{"line":61,"column":47}},"23":{"start":{"line":63,"column":8},"end":{"line":77,"column":11}},"24":{"start":{"line":69,"column":64},"end":{"line":69,"column":83}},"25":{"start":{"line":80,"column":8},"end":{"line":80,"column":55}},"26":{"start":{"line":81,"column":8},"end":{"line":84,"column":11}},"27":{"start":{"line":92,"column":0},"end":{"line":142,"column":2}},"28":{"start":{"line":93,"column":4},"end":{"line":141,"column":5}},"29":{"start":{"line":94,"column":26},"end":{"line":94,"column":34}},"30":{"start":{"line":96,"column":8},"end":{"line":101,"column":9}},"31":{"start":{"line":97,"column":12},"end":{"line":100,"column":15}},"32":{"start":{"line":103,"column":23},"end":{"line":103,"column":24}},"33":{"start":{"line":104,"column":24},"end":{"line":104,"column":25}},"34":{"start":{"line":106,"column":8},"end":{"line":116,"column":9}},"35":{"start":{"line":107,"column":54},"end":{"line":107,"column":58}},"36":{"start":{"line":110,"column":26},"end":{"line":110,"column":62}},"37":{"start":{"line":112,"column":12},"end":{"line":115,"column":13}},"38":{"start":{"line":113,"column":16},"end":{"line":113,"column":45}},"39":{"start":{"line":114,"column":16},"end":{"line":114,"column":38}},"40":{"start":{"line":118,"column":31},"end":{"line":118,"column":105}},"41":{"start":{"line":119,"column":22},"end":{"line":119,"column":47}},"42":{"start":{"line":121,"column":8},"end":{"line":133,"column":11}},"43":{"start":{"line":136,"column":8},"end":{"line":136,"column":58}},"44":{"start":{"line":137,"column":8},"end":{"line":140,"column":11}}},"fnMap":{"0":{"name":"(anonymous_0)","decl":{"start":{"line":17,"column":23},"end":{"line":17,"column":24}},"loc":{"start":{"line":17,"column":43},"end":{"line":86,"column":1}},"line":17},"1":{"name":"(anonymous_1)","decl":{"start":{"line":59,"column":47},"end":{"line":59,"column":48}},"loc":{"start":{"line":59,"column":62},"end":{"line":59,"column":78}},"line":59},"2":{"name":"(anonymous_2)","decl":{"start":{"line":69,"column":49},"end":{"line":69,"column":50}},"loc":{"start":{"line":69,"column":64},"end":{"line":69,"column":83}},"line":69},"3":{"name":"(anonymous_3)","decl":{"start":{"line":92,"column":26},"end":{"line":92,"column":27}},"loc":{"start":{"line":92,"column":46},"end":{"line":142,"column":1}},"line":92}},"branchMap":{"0":{"loc":{"start":{"line":21,"column":8},"end":{"line":26,"column":9}},"type":"if","locations":[{"start":{"line":21,"column":8},"end":{"line":26,"column":9}},{"start":{},"end":{}}],"line":21},"1":{"loc":{"start":{"line":21,"column":12},"end":{"line":21,"column":65}},"type":"binary-expr","locations":[{"start":{"line":21,"column":12},"end":{"line":21,"column":18}},{"start":{"line":21,"column":22},"end":{"line":21,"column":43}},{"start":{"line":21,"column":47},"end":{"line":21,"column":65}}],"line":21},"2":{"loc":{"start":{"line":37,"column":12},"end":{"line":44,"column":13}},"type":"if","locations":[{"start":{"line":37,"column":12},"end":{"line":44,"column":13}},{"start":{},"end":{}}],"line":37},"3":{"loc":{"start":{"line":60,"column":31},"end":{"line":60,"column":84}},"type":"cond-expr","locations":[{"start":{"line":60,"column":65},"end":{"line":60,"column":66}},{"start":{"line":60,"column":69},"end":{"line":60,"column":84}}],"line":60},"4":{"loc":{"start":{"line":96,"column":8},"end":{"line":101,"column":9}},"type":"if","locations":[{"start":{"line":96,"column":8},"end":{"line":101,"column":9}},{"start":{},"end":{}}],"line":96},"5":{"loc":{"start":{"line":96,"column":12},"end":{"line":96,"column":43}},"type":"binary-expr","locations":[{"start":{"line":96,"column":12},"end":{"line":96,"column":18}},{"start":{"line":96,"column":22},"end":{"line":96,"column":43}}],"line":96},"6":{"loc":{"start":{"line":112,"column":12},"end":{"line":115,"column":13}},"type":"if","locations":[{"start":{"line":112,"column":12},"end":{"line":115,"column":13}},{"start":{},"end":{}}],"line":112},"7":{"loc":{"start":{"line":118,"column":31},"end":{"line":118,"column":105}},"type":"cond-expr","locations":[{"start":{"line":118,"column":65},"end":{"line":118,"column":66}},{"start":{"line":118,"column":70},"end":{"line":118,"column":104}}],"line":118},"8":{"loc":{"start":{"line":118,"column":70},"end":{"line":118,"column":104}},"type":"cond-expr","locations":[{"start":{"line":118,"column":85},"end":{"line":118,"column":100}},{"start":{"line":118,"column":103},"end":{"line":118,"column":104}}],"line":118},"9":{"loc":{"start":{"line":128,"column":32},"end":{"line":128,"column":68}},"type":"binary-expr","locations":[{"start":{"line":128,"column":32},"end":{"line":128,"column":52}},{"start":{"line":128,"column":56},"end":{"line":128,"column":68}}],"line":128}},"s":{"0":0,"1":0,"2":0,"3":0,"4":0,"5":0,"6":0,"7":0,"8":0,"9":0,"10":0,"11":0,"12":0,"13":0,"14":0,"15":0,"16":0,"17":0,"18":0,"19":0,"20":0,"21":0,"22":0,"23":0,"24":0,"25":0,"26":0,"27":0,"28":0,"29":0,"30":0,"31":0,"32":0,"33":0,"34":0,"35":0,"36":0,"37":0,"38":0,"39":0,"40":0,"41":0,"42":0,"43":0,"44":0},"f":{"0":0,"1":0,"2":0,"3":0},"b":{"0":[0,0],"1":[0,0,0],"2":[0,0],"3":[0,0],"4":[0,0],"5":[0,0],"6":[0,0],"7":[0,0],"8":[0,0],"9":[0,0]}}
,"/Users/thanush/Desktop/Jawad/server/controllers/orderController.js": {"path":"/Users/thanush/Desktop/Jawad/server/controllers/orderController.js","statementMap":{"0":{"start":{"line":6,"column":14},"end":{"line":6,"column":40}},"1":{"start":{"line":7,"column":17},"end":{"line":7,"column":46}},"2":{"start":{"line":8,"column":28},"end":{"line":8,"column":58}},"3":{"start":{"line":11,"column":24},"end":{"line":11,"column":26}},"4":{"start":{"line":12,"column":28},"end":{"line":12,"column":31}},"5":{"start":{"line":18,"column":0},"end":{"line":132,"column":2}},"6":{"start":{"line":19,"column":4},"end":{"line":131,"column":5}},"7":{"start":{"line":26,"column":12},"end":{"line":26,"column":20}},"8":{"start":{"line":29,"column":31},"end":{"line":29,"column":33}},"9":{"start":{"line":30,"column":23},"end":{"line":30,"column":24}},"10":{"start":{"line":32,"column":8},"end":{"line":53,"column":9}},"11":{"start":{"line":33,"column":26},"end":{"line":33,"column":72}},"12":{"start":{"line":35,"column":12},"end":{"line":40,"column":13}},"13":{"start":{"line":36,"column":16},"end":{"line":39,"column":19}},"14":{"start":{"line":42,"column":26},"end":{"line":42,"column":47}},"15":{"start":{"line":43,"column":12},"end":{"line":43,"column":30}},"16":{"start":{"line":45,"column":12},"end":{"line":52,"column":15}},"17":{"start":{"line":56,"column":31},"end":{"line":56,"column":84}},"18":{"start":{"line":57,"column":22},"end":{"line":57,"column":47}},"19":{"start":{"line":60,"column":24},"end":{"line":60,"column":47}},"20":{"start":{"line":63,"column":22},"end":{"line":83,"column":10}},"21":{"start":{"line":85,"column":8},"end":{"line":85,"column":27}},"22":{"start":{"line":88,"column":8},"end":{"line":110,"column":9}},"23":{"start":{"line":89,"column":35},"end":{"line":93,"column":13}},"24":{"start":{"line":96,"column":34},"end":{"line":99,"column":13}},"25":{"start":{"line":97,"column":24},"end":{"line":98,"column":56}},"26":{"start":{"line":101,"column":12},"end":{"line":103,"column":13}},"27":{"start":{"line":102,"column":16},"end":{"line":102,"column":57}},"28":{"start":{"line":106,"column":12},"end":{"line":106,"column":63}},"29":{"start":{"line":109,"column":12},"end":{"line":109,"column":76}},"30":{"start":{"line":112,"column":8},"end":{"line":123,"column":11}},"31":{"start":{"line":126,"column":8},"end":{"line":126,"column":54}},"32":{"start":{"line":127,"column":8},"end":{"line":130,"column":11}},"33":{"start":{"line":138,"column":0},"end":{"line":163,"column":2}},"34":{"start":{"line":139,"column":4},"end":{"line":162,"column":5}},"35":{"start":{"line":140,"column":28},"end":{"line":140,"column":38}},"36":{"start":{"line":142,"column":22},"end":{"line":142,"column":54}},"37":{"start":{"line":144,"column":8},"end":{"line":149,"column":9}},"38":{"start":{"line":145,"column":12},"end":{"line":148,"column":15}},"39":{"start":{"line":151,"column":8},"end":{"line":154,"column":11}},"40":{"start":{"line":157,"column":8},"end":{"line":157,"column":53}},"41":{"start":{"line":158,"column":8},"end":{"line":161,"column":11}},"42":{"start":{"line":169,"column":0},"end":{"line":211,"column":2}},"43":{"start":{"line":170,"column":4},"end":{"line":210,"column":5}},"44":{"start":{"line":171,"column":28},"end":{"line":171,"column":38}},"45":{"start":{"line":172,"column":27},"end":{"line":172,"column":35}},"46":{"start":{"line":174,"column":22},"end":{"line":174,"column":54}},"47":{"start":{"line":176,"column":8},"end":{"line":181,"column":9}},"48":{"start":{"line":177,"column":12},"end":{"line":180,"column":15}},"49":{"start":{"line":184,"column":36},"end":{"line":184,"column":60}},"50":{"start":{"line":185,"column":8},"end":{"line":190,"column":9}},"51":{"start":{"line":186,"column":12},"end":{"line":189,"column":15}},"52":{"start":{"line":193,"column":8},"end":{"line":193,"column":81}},"53":{"start":{"line":195,"column":8},"end":{"line":202,"column":11}},"54":{"start":{"line":205,"column":8},"end":{"line":205,"column":56}},"55":{"start":{"line":206,"column":8},"end":{"line":209,"column":11}},"56":{"start":{"line":217,"column":0},"end":{"line":251,"column":2}},"57":{"start":{"line":218,"column":4},"end":{"line":250,"column":5}},"58":{"start":{"line":219,"column":26},"end":{"line":219,"column":36}},"59":{"start":{"line":222,"column":8},"end":{"line":227,"column":9}},"60":{"start":{"line":223,"column":12},"end":{"line":226,"column":15}},"61":{"start":{"line":229,"column":23},"end":{"line":229,"column":53}},"62":{"start":{"line":231,"column":8},"end":{"line":242,"column":11}},"63":{"start":{"line":234,"column":39},"end":{"line":241,"column":13}},"64":{"start":{"line":245,"column":8},"end":{"line":245,"column":54}},"65":{"start":{"line":246,"column":8},"end":{"line":249,"column":11}}},"fnMap":{"0":{"name":"(anonymous_0)","decl":{"start":{"line":18,"column":22},"end":{"line":18,"column":23}},"loc":{"start":{"line":18,"column":42},"end":{"line":132,"column":1}},"line":18},"1":{"name":"(anonymous_1)","decl":{"start":{"line":97,"column":16},"end":{"line":97,"column":17}},"loc":{"start":{"line":97,"column":24},"end":{"line":98,"column":56}},"line":97},"2":{"name":"(anonymous_2)","decl":{"start":{"line":138,"column":19},"end":{"line":138,"column":20}},"loc":{"start":{"line":138,"column":39},"end":{"line":163,"column":1}},"line":138},"3":{"name":"(anonymous_3)","decl":{"start":{"line":169,"column":22},"end":{"line":169,"column":23}},"loc":{"start":{"line":169,"column":42},"end":{"line":211,"column":1}},"line":169},"4":{"name":"(anonymous_4)","decl":{"start":{"line":217,"column":27},"end":{"line":217,"column":28}},"loc":{"start":{"line":217,"column":47},"end":{"line":251,"column":1}},"line":217},"5":{"name":"(anonymous_5)","decl":{"start":{"line":234,"column":29},"end":{"line":234,"column":30}},"loc":{"start":{"line":234,"column":39},"end":{"line":241,"column":13}},"line":234}},"branchMap":{"0":{"loc":{"start":{"line":35,"column":12},"end":{"line":40,"column":13}},"type":"if","locations":[{"start":{"line":35,"column":12},"end":{"line":40,"column":13}},{"start":{},"end":{}}],"line":35},"1":{"loc":{"start":{"line":56,"column":31},"end":{"line":56,"column":84}},"type":"cond-expr","locations":[{"start":{"line":56,"column":65},"end":{"line":56,"column":66}},{"start":{"line":56,"column":69},"end":{"line":56,"column":84}}],"line":56},"2":{"loc":{"start":{"line":68,"column":23},"end":{"line":68,"column":50}},"type":"binary-expr","locations":[{"start":{"line":68,"column":23},"end":{"line":68,"column":37}},{"start":{"line":68,"column":41},"end":{"line":68,"column":50}}],"line":68},"3":{"loc":{"start":{"line":76,"column":27},"end":{"line":76,"column":74}},"type":"cond-expr","locations":[{"start":{"line":76,"column":53},"end":{"line":76,"column":62}},{"start":{"line":76,"column":65},"end":{"line":76,"column":74}}],"line":76},"4":{"loc":{"start":{"line":77,"column":20},"end":{"line":77,"column":69}},"type":"cond-expr","locations":[{"start":{"line":77,"column":46},"end":{"line":77,"column":57}},{"start":{"line":77,"column":60},"end":{"line":77,"column":69}}],"line":77},"5":{"loc":{"start":{"line":80,"column":24},"end":{"line":80,"column":73}},"type":"cond-expr","locations":[{"start":{"line":80,"column":50},"end":{"line":80,"column":61}},{"start":{"line":80,"column":64},"end":{"line":80,"column":73}}],"line":80},"6":{"loc":{"start":{"line":97,"column":24},"end":{"line":98,"column":56}},"type":"binary-expr","locations":[{"start":{"line":97,"column":24},"end":{"line":97,"column":56}},{"start":{"line":98,"column":24},"end":{"line":98,"column":56}}],"line":97},"7":{"loc":{"start":{"line":101,"column":12},"end":{"line":103,"column":13}},"type":"if","locations":[{"start":{"line":101,"column":12},"end":{"line":103,"column":13}},{"start":{},"end":{}}],"line":101},"8":{"loc":{"start":{"line":144,"column":8},"end":{"line":149,"column":9}},"type":"if","locations":[{"start":{"line":144,"column":8},"end":{"line":149,"column":9}},{"start":{},"end":{}}],"line":144},"9":{"loc":{"start":{"line":176,"column":8},"end":{"line":181,"column":9}},"type":"if","locations":[{"start":{"line":176,"column":8},"end":{"line":181,"column":9}},{"start":{},"end":{}}],"line":176},"10":{"loc":{"start":{"line":185,"column":8},"end":{"line":190,"column":9}},"type":"if","locations":[{"start":{"line":185,"column":8},"end":{"line":190,"column":9}},{"start":{},"end":{}}],"line":185},"11":{"loc":{"start":{"line":193,"column":46},"end":{"line":193,"column":79}},"type":"binary-expr","locations":[{"start":{"line":193,"column":46},"end":{"line":193,"column":52}},{"start":{"line":193,"column":56},"end":{"line":193,"column":79}}],"line":193},"12":{"loc":{"start":{"line":222,"column":8},"end":{"line":227,"column":9}},"type":"if","locations":[{"start":{"line":222,"column":8},"end":{"line":227,"column":9}},{"start":{},"end":{}}],"line":222}},"s":{"0":1,"1":1,"2":1,"3":1,"4":1,"5":1,"6":1,"7":1,"8":1,"9":1,"10":1,"11":1,"12":1,"13":0,"14":1,"15":1,"16":1,"17":1,"18":1,"19":1,"20":1,"21":1,"22":0,"23":0,"24":0,"25":0,"26":0,"27":0,"28":0,"29":0,"30":0,"31":1,"32":1,"33":1,"34":0,"35":0,"36":0,"37":0,"38":0,"39":0,"40":0,"41":0,"42":1,"43":0,"44":0,"45":0,"46":0,"47":0,"48":0,"49":0,"50":0,"51":0,"52":0,"53":0,"54":0,"55":0,"56":1,"57":0,"58":0,"59":0,"60":0,"61":0,"62":0,"63":0,"64":0,"65":0},"f":{"0":1,"1":0,"2":0,"3":0,"4":0,"5":0},"b":{"0":[0,1],"1":[1,0],"2":[1,0],"3":[1,0],"4":[1,0],"5":[1,0],"6":[0,0],"7":[0,0],"8":[0,0],"9":[0,0],"10":[0,0],"11":[0,0],"12":[0,0]},"_coverageSchema":"1a1c01bbd47fc00a2c39e90264f33305004495a9","hash":"7d3f78fc396acd116acc38b06b5146a2923fd0be"}
,"/Users/thanush/Desktop/Jawad/server/controllers/paymentController.js": {"path":"/Users/thanush/Desktop/Jawad/server/controllers/paymentController.js","statementMap":{"0":{"start":{"line":6,"column":15},"end":{"line":6,"column":32}},"1":{"start":{"line":7,"column":14},"end":{"line":7,"column":40}},"2":{"start":{"line":12,"column":27},"end":{"line":12,"column":32}},"3":{"start":{"line":14,"column":0},"end":{"line":26,"column":1}},"4":{"start":{"line":15,"column":4},"end":{"line":22,"column":5}},"5":{"start":{"line":16,"column":8},"end":{"line":16,"column":39}},"6":{"start":{"line":17,"column":8},"end":{"line":20,"column":11}},"7":{"start":{"line":21,"column":8},"end":{"line":21,"column":36}},"8":{"start":{"line":25,"column":4},"end":{"line":25,"column":33}},"9":{"start":{"line":32,"column":0},"end":{"line":103,"column":2}},"10":{"start":{"line":33,"column":4},"end":{"line":102,"column":5}},"11":{"start":{"line":34,"column":36},"end":{"line":34,"column":44}},"12":{"start":{"line":36,"column":8},"end":{"line":41,"column":9}},"13":{"start":{"line":37,"column":12},"end":{"line":40,"column":15}},"14":{"start":{"line":44,"column":22},"end":{"line":44,"column":54}},"15":{"start":{"line":46,"column":8},"end":{"line":51,"column":9}},"16":{"start":{"line":47,"column":12},"end":{"line":50,"column":15}},"17":{"start":{"line":54,"column":8},"end":{"line":59,"column":9}},"18":{"start":{"line":55,"column":12},"end":{"line":58,"column":15}},"19":{"start":{"line":62,"column":8},"end":{"line":68,"column":9}},"20":{"start":{"line":64,"column":12},"end":{"line":67,"column":15}},"21":{"start":{"line":71,"column":30},"end":{"line":79,"column":10}},"22":{"start":{"line":82,"column":8},"end":{"line":82,"column":49}},"23":{"start":{"line":83,"column":8},"end":{"line":83,"column":27}},"24":{"start":{"line":85,"column":8},"end":{"line":93,"column":11}},"25":{"start":{"line":97,"column":8},"end":{"line":97,"column":104}},"26":{"start":{"line":98,"column":8},"end":{"line":101,"column":11}},"27":{"start":{"line":109,"column":0},"end":{"line":174,"column":2}},"28":{"start":{"line":110,"column":4},"end":{"line":173,"column":5}},"29":{"start":{"line":116,"column":12},"end":{"line":116,"column":20}},"30":{"start":{"line":119,"column":22},"end":{"line":119,"column":54}},"31":{"start":{"line":121,"column":8},"end":{"line":126,"column":9}},"32":{"start":{"line":122,"column":12},"end":{"line":125,"column":15}},"33":{"start":{"line":129,"column":8},"end":{"line":134,"column":9}},"34":{"start":{"line":130,"column":12},"end":{"line":133,"column":15}},"35":{"start":{"line":137,"column":34},"end":{"line":140,"column":26}},"36":{"start":{"line":142,"column":8},"end":{"line":151,"column":9}},"37":{"start":{"line":144,"column":12},"end":{"line":144,"column":43}},"38":{"start":{"line":145,"column":12},"end":{"line":145,"column":31}},"39":{"start":{"line":147,"column":12},"end":{"line":150,"column":15}},"40":{"start":{"line":154,"column":8},"end":{"line":154,"column":72}},"41":{"start":{"line":156,"column":8},"end":{"line":164,"column":11}},"42":{"start":{"line":168,"column":8},"end":{"line":168,"column":98}},"43":{"start":{"line":169,"column":8},"end":{"line":172,"column":11}},"44":{"start":{"line":180,"column":0},"end":{"line":241,"column":2}},"45":{"start":{"line":181,"column":4},"end":{"line":240,"column":5}},"46":{"start":{"line":182,"column":30},"end":{"line":182,"column":65}},"47":{"start":{"line":185,"column":8},"end":{"line":190,"column":9}},"48":{"start":{"line":186,"column":12},"end":{"line":189,"column":15}},"49":{"start":{"line":192,"column":26},"end":{"line":192,"column":61}},"50":{"start":{"line":194,"column":8},"end":{"line":199,"column":9}},"51":{"start":{"line":195,"column":12},"end":{"line":198,"column":15}},"52":{"start":{"line":201,"column":34},"end":{"line":204,"column":26}},"53":{"start":{"line":206,"column":8},"end":{"line":211,"column":9}},"54":{"start":{"line":207,"column":12},"end":{"line":210,"column":15}},"55":{"start":{"line":213,"column":22},"end":{"line":213,"column":30}},"56":{"start":{"line":216,"column":8},"end":{"line":232,"column":9}},"57":{"start":{"line":218,"column":16},"end":{"line":218,"column":74}},"58":{"start":{"line":219,"column":16},"end":{"line":219,"column":22}},"59":{"start":{"line":222,"column":16},"end":{"line":222,"column":72}},"60":{"start":{"line":223,"column":16},"end":{"line":223,"column":22}},"61":{"start":{"line":226,"column":16},"end":{"line":226,"column":73}},"62":{"start":{"line":227,"column":16},"end":{"line":227,"column":22}},"63":{"start":{"line":231,"column":16},"end":{"line":231,"column":22}},"64":{"start":{"line":234,"column":8},"end":{"line":234,"column":48}},"65":{"start":{"line":238,"column":8},"end":{"line":238,"column":97}},"66":{"start":{"line":239,"column":8},"end":{"line":239,"column":49}},"67":{"start":{"line":245,"column":4},"end":{"line":259,"column":5}},"68":{"start":{"line":246,"column":22},"end":{"line":248,"column":10}},"69":{"start":{"line":250,"column":8},"end":{"line":255,"column":9}},"70":{"start":{"line":251,"column":12},"end":{"line":251,"column":49}},"71":{"start":{"line":252,"column":12},"end":{"line":252,"column":41}},"72":{"start":{"line":253,"column":12},"end":{"line":253,"column":39}},"73":{"start":{"line":254,"column":12},"end":{"line":254,"column":31}},"74":{"start":{"line":258,"column":8},"end":{"line":258,"column":106}},"75":{"start":{"line":263,"column":4},"end":{"line":275,"column":5}},"76":{"start":{"line":264,"column":22},"end":{"line":266,"column":10}},"77":{"start":{"line":268,"column":8},"end":{"line":271,"column":9}},"78":{"start":{"line":269,"column":12},"end":{"line":269,"column":43}},"79":{"start":{"line":270,"column":12},"end":{"line":270,"column":31}},"80":{"start":{"line":274,"column":8},"end":{"line":274,"column":104}},"81":{"start":{"line":279,"column":4},"end":{"line":291,"column":5}},"82":{"start":{"line":280,"column":22},"end":{"line":282,"column":10}},"83":{"start":{"line":284,"column":8},"end":{"line":287,"column":9}},"84":{"start":{"line":285,"column":12},"end":{"line":285,"column":45}},"85":{"start":{"line":286,"column":12},"end":{"line":286,"column":70}},"86":{"start":{"line":290,"column":8},"end":{"line":290,"column":106}}},"fnMap":{"0":{"name":"(anonymous_0)","decl":{"start":{"line":32,"column":30},"end":{"line":32,"column":31}},"loc":{"start":{"line":32,"column":50},"end":{"line":103,"column":1}},"line":32},"1":{"name":"(anonymous_1)","decl":{"start":{"line":109,"column":24},"end":{"line":109,"column":25}},"loc":{"start":{"line":109,"column":44},"end":{"line":174,"column":1}},"line":109},"2":{"name":"(anonymous_2)","decl":{"start":{"line":180,"column":24},"end":{"line":180,"column":25}},"loc":{"start":{"line":180,"column":44},"end":{"line":241,"column":1}},"line":180},"3":{"name":"handlePaymentCaptured","decl":{"start":{"line":244,"column":15},"end":{"line":244,"column":36}},"loc":{"start":{"line":244,"column":46},"end":{"line":260,"column":1}},"line":244},"4":{"name":"handlePaymentFailed","decl":{"start":{"line":262,"column":15},"end":{"line":262,"column":34}},"loc":{"start":{"line":262,"column":44},"end":{"line":276,"column":1}},"line":262},"5":{"name":"handleRefundProcessed","decl":{"start":{"line":278,"column":15},"end":{"line":278,"column":36}},"loc":{"start":{"line":278,"column":45},"end":{"line":292,"column":1}},"line":278}},"branchMap":{"0":{"loc":{"start":{"line":15,"column":4},"end":{"line":22,"column":5}},"type":"if","locations":[{"start":{"line":15,"column":4},"end":{"line":22,"column":5}},{"start":{},"end":{}}],"line":15},"1":{"loc":{"start":{"line":15,"column":8},"end":{"line":15,"column":70}},"type":"binary-expr","locations":[{"start":{"line":15,"column":8},"end":{"line":15,"column":35}},{"start":{"line":15,"column":39},"end":{"line":15,"column":70}}],"line":15},"2":{"loc":{"start":{"line":36,"column":8},"end":{"line":41,"column":9}},"type":"if","locations":[{"start":{"line":36,"column":8},"end":{"line":41,"column":9}},{"start":{},"end":{}}],"line":36},"3":{"loc":{"start":{"line":36,"column":12},"end":{"line":36,"column":31}},"type":"binary-expr","locations":[{"start":{"line":36,"column":12},"end":{"line":36,"column":20}},{"start":{"line":36,"column":24},"end":{"line":36,"column":31}}],"line":36},"4":{"loc":{"start":{"line":46,"column":8},"end":{"line":51,"column":9}},"type":"if","locations":[{"start":{"line":46,"column":8},"end":{"line":51,"column":9}},{"start":{},"end":{}}],"line":46},"5":{"loc":{"start":{"line":54,"column":8},"end":{"line":59,"column":9}},"type":"if","locations":[{"start":{"line":54,"column":8},"end":{"line":59,"column":9}},{"start":{},"end":{}}],"line":54},"6":{"loc":{"start":{"line":62,"column":8},"end":{"line":68,"column":9}},"type":"if","locations":[{"start":{"line":62,"column":8},"end":{"line":68,"column":9}},{"start":{},"end":{}}],"line":62},"7":{"loc":{"start":{"line":62,"column":12},"end":{"line":62,"column":54}},"type":"binary-expr","locations":[{"start":{"line":62,"column":12},"end":{"line":62,"column":33}},{"start":{"line":62,"column":37},"end":{"line":62,"column":54}}],"line":62},"8":{"loc":{"start":{"line":97,"column":8},"end":{"line":97,"column":103}},"type":"binary-expr","locations":[{"start":{"line":97,"column":8},"end":{"line":97,"column":45}},{"start":{"line":97,"column":49},"end":{"line":97,"column":103}}],"line":97},"9":{"loc":{"start":{"line":121,"column":8},"end":{"line":126,"column":9}},"type":"if","locations":[{"start":{"line":121,"column":8},"end":{"line":126,"column":9}},{"start":{},"end":{}}],"line":121},"10":{"loc":{"start":{"line":129,"column":8},"end":{"line":134,"column":9}},"type":"if","locations":[{"start":{"line":129,"column":8},"end":{"line":134,"column":9}},{"start":{},"end":{}}],"line":129},"11":{"loc":{"start":{"line":142,"column":8},"end":{"line":151,"column":9}},"type":"if","locations":[{"start":{"line":142,"column":8},"end":{"line":151,"column":9}},{"start":{},"end":{}}],"line":142},"12":{"loc":{"start":{"line":168,"column":8},"end":{"line":168,"column":97}},"type":"binary-expr","locations":[{"start":{"line":168,"column":8},"end":{"line":168,"column":45}},{"start":{"line":168,"column":49},"end":{"line":168,"column":97}}],"line":168},"13":{"loc":{"start":{"line":185,"column":8},"end":{"line":190,"column":9}},"type":"if","locations":[{"start":{"line":185,"column":8},"end":{"line":190,"column":9}},{"start":{},"end":{}}],"line":185},"14":{"loc":{"start":{"line":194,"column":8},"end":{"line":199,"column":9}},"type":"if","locations":[{"start":{"line":194,"column":8},"end":{"line":199,"column":9}},{"start":{},"end":{}}],"line":194},"15":{"loc":{"start":{"line":206,"column":8},"end":{"line":211,"column":9}},"type":"if","locations":[{"start":{"line":206,"column":8},"end":{"line":211,"column":9}},{"start":{},"end":{}}],"line":206},"16":{"loc":{"start":{"line":216,"column":8},"end":{"line":232,"column":9}},"type":"switch","locations":[{"start":{"line":217,"column":12},"end":{"line":219,"column":22}},{"start":{"line":221,"column":12},"end":{"line":223,"column":22}},{"start":{"line":225,"column":12},"end":{"line":227,"column":22}},{"start":{"line":229,"column":12},"end":{"line":231,"column":22}}],"line":216},"17":{"loc":{"start":{"line":238,"column":8},"end":{"line":238,"column":96}},"type":"binary-expr","locations":[{"start":{"line":238,"column":8},"end":{"line":238,"column":45}},{"start":{"line":238,"column":49},"end":{"line":238,"column":96}}],"line":238},"18":{"loc":{"start":{"line":250,"column":8},"end":{"line":255,"column":9}},"type":"if","locations":[{"start":{"line":250,"column":8},"end":{"line":255,"column":9}},{"start":{},"end":{}}],"line":250},"19":{"loc":{"start":{"line":250,"column":12},"end":{"line":250,"column":51}},"type":"binary-expr","locations":[{"start":{"line":250,"column":12},"end":{"line":250,"column":17}},{"start":{"line":250,"column":21},"end":{"line":250,"column":51}}],"line":250},"20":{"loc":{"start":{"line":258,"column":8},"end":{"line":258,"column":105}},"type":"binary-expr","locations":[{"start":{"line":258,"column":8},"end":{"line":258,"column":45}},{"start":{"line":258,"column":49},"end":{"line":258,"column":105}}],"line":258},"21":{"loc":{"start":{"line":268,"column":8},"end":{"line":271,"column":9}},"type":"if","locations":[{"start":{"line":268,"column":8},"end":{"line":271,"column":9}},{"start":{},"end":{}}],"line":268},"22":{"loc":{"start":{"line":274,"column":8},"end":{"line":274,"column":103}},"type":"binary-expr","locations":[{"start":{"line":274,"column":8},"end":{"line":274,"column":45}},{"start":{"line":274,"column":49},"end":{"line":274,"column":103}}],"line":274},"23":{"loc":{"start":{"line":284,"column":8},"end":{"line":287,"column":9}},"type":"if","locations":[{"start":{"line":284,"column":8},"end":{"line":287,"column":9}},{"start":{},"end":{}}],"line":284},"24":{"loc":{"start":{"line":290,"column":8},"end":{"line":290,"column":105}},"type":"binary-expr","locations":[{"start":{"line":290,"column":8},"end":{"line":290,"column":45}},{"start":{"line":290,"column":49},"end":{"line":290,"column":105}}],"line":290}},"s":{"0":0,"1":0,"2":0,"3":0,"4":0,"5":0,"6":0,"7":0,"8":0,"9":0,"10":0,"11":0,"12":0,"13":0,"14":0,"15":0,"16":0,"17":0,"18":0,"19":0,"20":0,"21":0,"22":0,"23":0,"24":0,"25":0,"26":0,"27":0,"28":0,"29":0,"30":0,"31":0,"32":0,"33":0,"34":0,"35":0,"36":0,"37":0,"38":0,"39":0,"40":0,"41":0,"42":0,"43":0,"44":0,"45":0,"46":0,"47":0,"48":0,"49":0,"50":0,"51":0,"52":0,"53":0,"54":0,"55":0,"56":0,"57":0,"58":0,"59":0,"60":0,"61":0,"62":0,"63":0,"64":0,"65":0,"66":0,"67":0,"68":0,"69":0,"70":0,"71":0,"72":0,"73":0,"74":0,"75":0,"76":0,"77":0,"78":0,"79":0,"80":0,"81":0,"82":0,"83":0,"84":0,"85":0,"86":0},"f":{"0":0,"1":0,"2":0,"3":0,"4":0,"5":0},"b":{"0":[0,0],"1":[0,0],"2":[0,0],"3":[0,0],"4":[0,0],"5":[0,0],"6":[0,0],"7":[0,0],"8":[0,0],"9":[0,0],"10":[0,0],"11":[0,0],"12":[0,0],"13":[0,0],"14":[0,0],"15":[0,0],"16":[0,0,0,0],"17":[0,0],"18":[0,0],"19":[0,0],"20":[0,0],"21":[0,0],"22":[0,0],"23":[0,0],"24":[0,0]}}
,"/Users/thanush/Desktop/Jawad/server/controllers/productController.js": {"path":"/Users/thanush/Desktop/Jawad/server/controllers/productController.js","statementMap":{"0":{"start":{"line":6,"column":16},"end":{"line":6,"column":44}},"1":{"start":{"line":7,"column":11},"end":{"line":7,"column":24}},"2":{"start":{"line":8,"column":13},"end":{"line":8,"column":28}},"3":{"start":{"line":11,"column":29},"end":{"line":20,"column":1}},"4":{"start":{"line":12,"column":4},"end":{"line":19,"column":5}},"5":{"start":{"line":13,"column":25},"end":{"line":13,"column":73}},"6":{"start":{"line":14,"column":21},"end":{"line":14,"column":54}},"7":{"start":{"line":15,"column":8},"end":{"line":15,"column":41}},"8":{"start":{"line":17,"column":8},"end":{"line":17,"column":66}},"9":{"start":{"line":18,"column":8},"end":{"line":18,"column":18}},"10":{"start":{"line":26,"column":0},"end":{"line":77,"column":2}},"11":{"start":{"line":27,"column":4},"end":{"line":76,"column":5}},"12":{"start":{"line":29,"column":23},"end":{"line":29,"column":49}},"13":{"start":{"line":32,"column":8},"end":{"line":47,"column":9}},"14":{"start":{"line":33,"column":33},"end":{"line":33,"column":55}},"15":{"start":{"line":34,"column":12},"end":{"line":46,"column":16}},"16":{"start":{"line":34,"column":46},"end":{"line":46,"column":13}},"17":{"start":{"line":49,"column":8},"end":{"line":53,"column":11}},"18":{"start":{"line":57,"column":29},"end":{"line":57,"column":51}},"19":{"start":{"line":59,"column":8},"end":{"line":75,"column":11}},"20":{"start":{"line":62,"column":41},"end":{"line":74,"column":13}},"21":{"start":{"line":83,"column":0},"end":{"line":131,"column":2}},"22":{"start":{"line":84,"column":4},"end":{"line":130,"column":5}},"23":{"start":{"line":85,"column":23},"end":{"line":85,"column":33}},"24":{"start":{"line":88,"column":22},"end":{"line":88,"column":76}},"25":{"start":{"line":91,"column":8},"end":{"line":117,"column":9}},"26":{"start":{"line":92,"column":33},"end":{"line":92,"column":55}},"27":{"start":{"line":93,"column":32},"end":{"line":93,"column":67}},"28":{"start":{"line":93,"column":55},"end":{"line":93,"column":66}},"29":{"start":{"line":95,"column":12},"end":{"line":100,"column":13}},"30":{"start":{"line":96,"column":16},"end":{"line":99,"column":19}},"31":{"start":{"line":102,"column":12},"end":{"line":116,"column":14}},"32":{"start":{"line":119,"column":8},"end":{"line":122,"column":11}},"33":{"start":{"line":125,"column":8},"end":{"line":125,"column":55}},"34":{"start":{"line":126,"column":8},"end":{"line":129,"column":11}},"35":{"start":{"line":137,"column":0},"end":{"line":146,"column":2}},"36":{"start":{"line":138,"column":25},"end":{"line":138,"column":47}},"37":{"start":{"line":139,"column":20},"end":{"line":139,"column":62}},"38":{"start":{"line":139,"column":43},"end":{"line":139,"column":61}},"39":{"start":{"line":141,"column":4},"end":{"line":143,"column":5}},"40":{"start":{"line":142,"column":8},"end":{"line":142,"column":20}},"41":{"start":{"line":145,"column":4},"end":{"line":145,"column":36}}},"fnMap":{"0":{"name":"(anonymous_0)","decl":{"start":{"line":11,"column":29},"end":{"line":11,"column":30}},"loc":{"start":{"line":11,"column":35},"end":{"line":20,"column":1}},"line":11},"1":{"name":"(anonymous_1)","decl":{"start":{"line":26,"column":25},"end":{"line":26,"column":26}},"loc":{"start":{"line":26,"column":45},"end":{"line":77,"column":1}},"line":26},"2":{"name":"(anonymous_2)","decl":{"start":{"line":34,"column":40},"end":{"line":34,"column":41}},"loc":{"start":{"line":34,"column":46},"end":{"line":46,"column":13}},"line":34},"3":{"name":"(anonymous_3)","decl":{"start":{"line":62,"column":35},"end":{"line":62,"column":36}},"loc":{"start":{"line":62,"column":41},"end":{"line":74,"column":13}},"line":62},"4":{"name":"(anonymous_4)","decl":{"start":{"line":83,"column":25},"end":{"line":83,"column":26}},"loc":{"start":{"line":83,"column":45},"end":{"line":131,"column":1}},"line":83},"5":{"name":"(anonymous_5)","decl":{"start":{"line":93,"column":50},"end":{"line":93,"column":51}},"loc":{"start":{"line":93,"column":55},"end":{"line":93,"column":66}},"line":93},"6":{"name":"(anonymous_6)","decl":{"start":{"line":137,"column":26},"end":{"line":137,"column":27}},"loc":{"start":{"line":137,"column":51},"end":{"line":146,"column":1}},"line":137},"7":{"name":"(anonymous_7)","decl":{"start":{"line":139,"column":38},"end":{"line":139,"column":39}},"loc":{"start":{"line":139,"column":43},"end":{"line":139,"column":61}},"line":139}},"branchMap":{"0":{"loc":{"start":{"line":32,"column":8},"end":{"line":47,"column":9}},"type":"if","locations":[{"start":{"line":32,"column":8},"end":{"line":47,"column":9}},{"start":{},"end":{}}],"line":32},"1":{"loc":{"start":{"line":32,"column":12},"end":{"line":32,"column":46}},"type":"binary-expr","locations":[{"start":{"line":32,"column":12},"end":{"line":32,"column":21}},{"start":{"line":32,"column":25},"end":{"line":32,"column":46}}],"line":32},"2":{"loc":{"start":{"line":91,"column":8},"end":{"line":117,"column":9}},"type":"if","locations":[{"start":{"line":91,"column":8},"end":{"line":117,"column":9}},{"start":{},"end":{}}],"line":91},"3":{"loc":{"start":{"line":95,"column":12},"end":{"line":100,"column":13}},"type":"if","locations":[{"start":{"line":95,"column":12},"end":{"line":100,"column":13}},{"start":{},"end":{}}],"line":95},"4":{"loc":{"start":{"line":141,"column":4},"end":{"line":143,"column":5}},"type":"if","locations":[{"start":{"line":141,"column":4},"end":{"line":143,"column":5}},{"start":{},"end":{}}],"line":141},"5":{"loc":{"start":{"line":141,"column":8},"end":{"line":141,"column":45}},"type":"binary-expr","locations":[{"start":{"line":141,"column":8},"end":{"line":141,"column":16}},{"start":{"line":141,"column":20},"end":{"line":141,"column":45}}],"line":141}},"s":{"0":1,"1":1,"2":1,"3":1,"4":1,"5":1,"6":1,"7":1,"8":0,"9":0,"10":1,"11":0,"12":0,"13":0,"14":0,"15":0,"16":0,"17":0,"18":0,"19":0,"20":0,"21":1,"22":0,"23":0,"24":0,"25":0,"26":0,"27":0,"28":0,"29":0,"30":0,"31":0,"32":0,"33":0,"34":0,"35":1,"36":1,"37":1,"38":1,"39":1,"40":0,"41":1},"f":{"0":1,"1":0,"2":0,"3":0,"4":0,"5":0,"6":1,"7":1},"b":{"0":[0,0],"1":[0,0],"2":[0,0],"3":[0,0],"4":[0,1],"5":[1,1]},"_coverageSchema":"1a1c01bbd47fc00a2c39e90264f33305004495a9","hash":"57c80fb37b17ee0afd2ad41d4da24d841476f5ce"}
,"/Users/thanush/Desktop/Jawad/server/middleware/rateLimit.js": {"path":"/Users/thanush/Desktop/Jawad/server/middleware/rateLimit.js","statementMap":{"0":{"start":{"line":6,"column":18},"end":{"line":6,"column":47}},"1":{"start":{"line":12,"column":23},"end":{"line":29,"column":2}},"2":{"start":{"line":23,"column":8},"end":{"line":23,"column":78}},"3":{"start":{"line":27,"column":8},"end":{"line":27,"column":38}},"4":{"start":{"line":35,"column":25},"end":{"line":50,"column":2}},"5":{"start":{"line":46,"column":8},"end":{"line":48,"column":22}},"6":{"start":{"line":56,"column":27},"end":{"line":68,"column":2}},"7":{"start":{"line":66,"column":8},"end":{"line":66,"column":78}},"8":{"start":{"line":74,"column":22},"end":{"line":83,"column":2}},"9":{"start":{"line":89,"column":26},"end":{"line":102,"column":1}},"10":{"start":{"line":90,"column":21},"end":{"line":99,"column":5}},"11":{"start":{"line":101,"column":4},"end":{"line":101,"column":50}},"12":{"start":{"line":104,"column":0},"end":{"line":110,"column":2}}},"fnMap":{"0":{"name":"(anonymous_0)","decl":{"start":{"line":21,"column":18},"end":{"line":21,"column":19}},"loc":{"start":{"line":21,"column":27},"end":{"line":24,"column":5}},"line":21},"1":{"name":"(anonymous_1)","decl":{"start":{"line":25,"column":10},"end":{"line":25,"column":11}},"loc":{"start":{"line":25,"column":19},"end":{"line":28,"column":5}},"line":25},"2":{"name":"(anonymous_2)","decl":{"start":{"line":44,"column":18},"end":{"line":44,"column":19}},"loc":{"start":{"line":44,"column":27},"end":{"line":49,"column":5}},"line":44},"3":{"name":"(anonymous_3)","decl":{"start":{"line":65,"column":18},"end":{"line":65,"column":19}},"loc":{"start":{"line":65,"column":27},"end":{"line":67,"column":5}},"line":65},"4":{"name":"(anonymous_4)","decl":{"start":{"line":89,"column":26},"end":{"line":89,"column":27}},"loc":{"start":{"line":89,"column":39},"end":{"line":102,"column":1}},"line":89}},"branchMap":{"0":{"loc":{"start":{"line":23,"column":15},"end":{"line":23,"column":77}},"type":"binary-expr","locations":[{"start":{"line":23,"column":15},"end":{"line":23,"column":67}},{"start":{"line":23,"column":71},"end":{"line":23,"column":77}}],"line":23},"1":{"loc":{"start":{"line":46,"column":15},"end":{"line":48,"column":21}},"type":"binary-expr","locations":[{"start":{"line":46,"column":15},"end":{"line":46,"column":40}},{"start":{"line":47,"column":15},"end":{"line":47,"column":67}},{"start":{"line":48,"column":15},"end":{"line":48,"column":21}}],"line":46},"2":{"loc":{"start":{"line":66,"column":15},"end":{"line":66,"column":77}},"type":"binary-expr","locations":[{"start":{"line":66,"column":15},"end":{"line":66,"column":67}},{"start":{"line":66,"column":71},"end":{"line":66,"column":77}}],"line":66}},"s":{"0":1,"1":1,"2":0,"3":0,"4":1,"5":5,"6":1,"7":0,"8":1,"9":1,"10":0,"11":0,"12":1},"f":{"0":0,"1":0,"2":5,"3":0,"4":0},"b":{"0":[0,0],"1":[5,0,0],"2":[0,0]},"_coverageSchema":"1a1c01bbd47fc00a2c39e90264f33305004495a9","hash":"7fc16b465d27d80f3079b37a5d9050a1e4902bce"}
,"/Users/thanush/Desktop/Jawad/server/middleware/validation.js": {"path":"/Users/thanush/Desktop/Jawad/server/middleware/validation.js","statementMap":{"0":{"start":{"line":6,"column":35},"end":{"line":6,"column":63}},"1":{"start":{"line":11,"column":31},"end":{"line":26,"column":1}},"2":{"start":{"line":12,"column":19},"end":{"line":12,"column":40}},"3":{"start":{"line":14,"column":4},"end":{"line":23,"column":5}},"4":{"start":{"line":15,"column":8},"end":{"line":22,"column":11}},"5":{"start":{"line":18,"column":47},"end":{"line":21,"column":13}},"6":{"start":{"line":25,"column":4},"end":{"line":25,"column":11}},"7":{"start":{"line":31,"column":26},"end":{"line":47,"column":1}},"8":{"start":{"line":52,"column":22},"end":{"line":148,"column":1}},"9":{"start":{"line":153,"column":23},"end":{"line":159,"column":1}},"10":{"start":{"line":154,"column":4},"end":{"line":154,"column":44}},"11":{"start":{"line":154,"column":33},"end":{"line":154,"column":44}},"12":{"start":{"line":155,"column":4},"end":{"line":158,"column":16}},"13":{"start":{"line":164,"column":23},"end":{"line":182,"column":1}},"14":{"start":{"line":165,"column":4},"end":{"line":167,"column":5}},"15":{"start":{"line":166,"column":8},"end":{"line":166,"column":35}},"16":{"start":{"line":169,"column":4},"end":{"line":171,"column":5}},"17":{"start":{"line":170,"column":8},"end":{"line":170,"column":53}},"18":{"start":{"line":170,"column":31},"end":{"line":170,"column":51}},"19":{"start":{"line":173,"column":4},"end":{"line":179,"column":5}},"20":{"start":{"line":174,"column":26},"end":{"line":174,"column":28}},"21":{"start":{"line":175,"column":8},"end":{"line":177,"column":9}},"22":{"start":{"line":176,"column":12},"end":{"line":176,"column":54}},"23":{"start":{"line":178,"column":8},"end":{"line":178,"column":25}},"24":{"start":{"line":181,"column":4},"end":{"line":181,"column":15}},"25":{"start":{"line":187,"column":22},"end":{"line":192,"column":1}},"26":{"start":{"line":188,"column":4},"end":{"line":190,"column":5}},"27":{"start":{"line":189,"column":8},"end":{"line":189,"column":44}},"28":{"start":{"line":191,"column":4},"end":{"line":191,"column":11}},"29":{"start":{"line":194,"column":0},"end":{"line":199,"column":2}}},"fnMap":{"0":{"name":"(anonymous_0)","decl":{"start":{"line":11,"column":31},"end":{"line":11,"column":32}},"loc":{"start":{"line":11,"column":51},"end":{"line":26,"column":1}},"line":11},"1":{"name":"(anonymous_1)","decl":{"start":{"line":18,"column":39},"end":{"line":18,"column":40}},"loc":{"start":{"line":18,"column":47},"end":{"line":21,"column":13}},"line":18},"2":{"name":"(anonymous_2)","decl":{"start":{"line":153,"column":23},"end":{"line":153,"column":24}},"loc":{"start":{"line":153,"column":32},"end":{"line":159,"column":1}},"line":153},"3":{"name":"(anonymous_3)","decl":{"start":{"line":164,"column":23},"end":{"line":164,"column":24}},"loc":{"start":{"line":164,"column":32},"end":{"line":182,"column":1}},"line":164},"4":{"name":"(anonymous_4)","decl":{"start":{"line":170,"column":23},"end":{"line":170,"column":24}},"loc":{"start":{"line":170,"column":31},"end":{"line":170,"column":51}},"line":170},"5":{"name":"(anonymous_5)","decl":{"start":{"line":187,"column":22},"end":{"line":187,"column":23}},"loc":{"start":{"line":187,"column":42},"end":{"line":192,"column":1}},"line":187}},"branchMap":{"0":{"loc":{"start":{"line":14,"column":4},"end":{"line":23,"column":5}},"type":"if","locations":[{"start":{"line":14,"column":4},"end":{"line":23,"column":5}},{"start":{},"end":{}}],"line":14},"1":{"loc":{"start":{"line":154,"column":4},"end":{"line":154,"column":44}},"type":"if","locations":[{"start":{"line":154,"column":4},"end":{"line":154,"column":44}},{"start":{},"end":{}}],"line":154},"2":{"loc":{"start":{"line":165,"column":4},"end":{"line":167,"column":5}},"type":"if","locations":[{"start":{"line":165,"column":4},"end":{"line":167,"column":5}},{"start":{},"end":{}}],"line":165},"3":{"loc":{"start":{"line":169,"column":4},"end":{"line":171,"column":5}},"type":"if","locations":[{"start":{"line":169,"column":4},"end":{"line":171,"column":5}},{"start":{},"end":{}}],"line":169},"4":{"loc":{"start":{"line":173,"column":4},"end":{"line":179,"column":5}},"type":"if","locations":[{"start":{"line":173,"column":4},"end":{"line":179,"column":5}},{"start":{},"end":{}}],"line":173},"5":{"loc":{"start":{"line":173,"column":8},"end":{"line":173,"column":38}},"type":"binary-expr","locations":[{"start":{"line":173,"column":8},"end":{"line":173,"column":11}},{"start":{"line":173,"column":15},"end":{"line":173,"column":38}}],"line":173},"6":{"loc":{"start":{"line":188,"column":4},"end":{"line":190,"column":5}},"type":"if","locations":[{"start":{"line":188,"column":4},"end":{"line":190,"column":5}},{"start":{},"end":{}}],"line":188}},"s":{"0":1,"1":1,"2":5,"3":5,"4":4,"5":13,"6":1,"7":1,"8":1,"9":1,"10":0,"11":0,"12":0,"13":1,"14":0,"15":0,"16":0,"17":0,"18":0,"19":0,"20":0,"21":0,"22":0,"23":0,"24":0,"25":1,"26":0,"27":0,"28":0,"29":1},"f":{"0":5,"1":13,"2":0,"3":0,"4":0,"5":0},"b":{"0":[4,1],"1":[0,0],"2":[0,0],"3":[0,0],"4":[0,0],"5":[0,0],"6":[0,0]},"_coverageSchema":"1a1c01bbd47fc00a2c39e90264f33305004495a9","hash":"11cfe5f53b39b87f8e16128c04c94b89e87c97d7"}
,"/Users/thanush/Desktop/Jawad/server/models/Customer.js": {"path":"/Users/thanush/Desktop/Jawad/server/models/Customer.js","statementMap":{"0":{"start":{"line":6,"column":17},"end":{"line":6,"column":36}},"1":{"start":{"line":9,"column":27},"end":{"line":41,"column":2}},"2":{"start":{"line":44,"column":23},"end":{"line":84,"column":2}},"3":{"start":{"line":87,"column":0},"end":{"line":87,"column":54}},"4":{"start":{"line":90,"column":0},"end":{"line":105,"column":2}},"5":{"start":{"line":92,"column":4},"end":{"line":94,"column":5}},"6":{"start":{"line":93,"column":8},"end":{"line":93,"column":33}},"7":{"start":{"line":97,"column":4},"end":{"line":101,"column":5}},"8":{"start":{"line":98,"column":8},"end":{"line":100,"column":11}},"9":{"start":{"line":99,"column":12},"end":{"line":99,"column":35}},"10":{"start":{"line":103,"column":4},"end":{"line":103,"column":33}},"11":{"start":{"line":104,"column":4},"end":{"line":104,"column":23}},"12":{"start":{"line":108,"column":0},"end":{"line":110,"column":2}},"13":{"start":{"line":109,"column":4},"end":{"line":109,"column":76}},"14":{"start":{"line":109,"column":39},"end":{"line":109,"column":53}},"15":{"start":{"line":113,"column":0},"end":{"line":119,"column":2}},"16":{"start":{"line":114,"column":4},"end":{"line":114,"column":30}},"17":{"start":{"line":115,"column":4},"end":{"line":115,"column":26}},"18":{"start":{"line":116,"column":4},"end":{"line":116,"column":34}},"19":{"start":{"line":117,"column":4},"end":{"line":117,"column":36}},"20":{"start":{"line":118,"column":4},"end":{"line":118,"column":23}},"21":{"start":{"line":122,"column":0},"end":{"line":144,"column":2}},"22":{"start":{"line":123,"column":19},"end":{"line":123,"column":48}},"23":{"start":{"line":125,"column":4},"end":{"line":141,"column":5}},"24":{"start":{"line":126,"column":8},"end":{"line":130,"column":11}},"25":{"start":{"line":131,"column":8},"end":{"line":131,"column":30}},"26":{"start":{"line":134,"column":8},"end":{"line":136,"column":9}},"27":{"start":{"line":135,"column":12},"end":{"line":135,"column":33}},"28":{"start":{"line":137,"column":8},"end":{"line":139,"column":9}},"29":{"start":{"line":138,"column":12},"end":{"line":138,"column":35}},"30":{"start":{"line":140,"column":8},"end":{"line":140,"column":30}},"31":{"start":{"line":143,"column":4},"end":{"line":143,"column":20}},"32":{"start":{"line":146,"column":17},"end":{"line":146,"column":59}},"33":{"start":{"line":148,"column":0},"end":{"line":148,"column":26}}},"fnMap":{"0":{"name":"(anonymous_0)","decl":{"start":{"line":90,"column":36},"end":{"line":90,"column":37}},"loc":{"start":{"line":90,"column":54},"end":{"line":105,"column":1}},"line":90},"1":{"name":"(anonymous_1)","decl":{"start":{"line":98,"column":31},"end":{"line":98,"column":32}},"loc":{"start":{"line":98,"column":39},"end":{"line":100,"column":9}},"line":98},"2":{"name":"(anonymous_2)","decl":{"start":{"line":108,"column":43},"end":{"line":108,"column":44}},"loc":{"start":{"line":108,"column":54},"end":{"line":110,"column":1}},"line":108},"3":{"name":"(anonymous_3)","decl":{"start":{"line":109,"column":31},"end":{"line":109,"column":32}},"loc":{"start":{"line":109,"column":39},"end":{"line":109,"column":53}},"line":109},"4":{"name":"(anonymous_4)","decl":{"start":{"line":113,"column":37},"end":{"line":113,"column":38}},"loc":{"start":{"line":113,"column":67},"end":{"line":119,"column":1}},"line":113},"5":{"name":"(anonymous_5)","decl":{"start":{"line":122,"column":38},"end":{"line":122,"column":39}},"loc":{"start":{"line":122,"column":80},"end":{"line":144,"column":1}},"line":122}},"branchMap":{"0":{"loc":{"start":{"line":92,"column":4},"end":{"line":94,"column":5}},"type":"if","locations":[{"start":{"line":92,"column":4},"end":{"line":94,"column":5}},{"start":{},"end":{}}],"line":92},"1":{"loc":{"start":{"line":97,"column":4},"end":{"line":101,"column":5}},"type":"if","locations":[{"start":{"line":97,"column":4},"end":{"line":101,"column":5}},{"start":{},"end":{}}],"line":97},"2":{"loc":{"start":{"line":109,"column":11},"end":{"line":109,"column":75}},"type":"binary-expr","locations":[{"start":{"line":109,"column":11},"end":{"line":109,"column":54}},{"start":{"line":109,"column":58},"end":{"line":109,"column":75}}],"line":109},"3":{"loc":{"start":{"line":122,"column":66},"end":{"line":122,"column":78}},"type":"default-arg","locations":[{"start":{"line":122,"column":74},"end":{"line":122,"column":78}}],"line":122},"4":{"loc":{"start":{"line":125,"column":4},"end":{"line":141,"column":5}},"type":"if","locations":[{"start":{"line":125,"column":4},"end":{"line":141,"column":5}},{"start":{"line":132,"column":11},"end":{"line":141,"column":5}}],"line":125},"5":{"loc":{"start":{"line":134,"column":8},"end":{"line":136,"column":9}},"type":"if","locations":[{"start":{"line":134,"column":8},"end":{"line":136,"column":9}},{"start":{},"end":{}}],"line":134},"6":{"loc":{"start":{"line":134,"column":12},"end":{"line":134,"column":42}},"type":"binary-expr","locations":[{"start":{"line":134,"column":12},"end":{"line":134,"column":16}},{"start":{"line":134,"column":20},"end":{"line":134,"column":42}}],"line":134},"7":{"loc":{"start":{"line":137,"column":8},"end":{"line":139,"column":9}},"type":"if","locations":[{"start":{"line":137,"column":8},"end":{"line":139,"column":9}},{"start":{},"end":{}}],"line":137},"8":{"loc":{"start":{"line":137,"column":12},"end":{"line":137,"column":45}},"type":"binary-expr","locations":[{"start":{"line":137,"column":12},"end":{"line":137,"column":17}},{"start":{"line":137,"column":21},"end":{"line":137,"column":45}}],"line":137}},"s":{"0":1,"1":1,"2":1,"3":1,"4":1,"5":0,"6":0,"7":0,"8":0,"9":0,"10":0,"11":0,"12":1,"13":0,"14":0,"15":1,"16":0,"17":0,"18":0,"19":0,"20":0,"21":1,"22":0,"23":0,"24":0,"25":0,"26":0,"27":0,"28":0,"29":0,"30":0,"31":0,"32":1,"33":1},"f":{"0":0,"1":0,"2":0,"3":0,"4":0,"5":0},"b":{"0":[0,0],"1":[0,0],"2":[0,0],"3":[0],"4":[0,0],"5":[0,0],"6":[0,0],"7":[0,0],"8":[0,0]},"_coverageSchema":"1a1c01bbd47fc00a2c39e90264f33305004495a9","hash":"a8e2e808cc8bf6a1a5519a142ed22e19e6c3959b"}
,"/Users/thanush/Desktop/Jawad/server/models/Order.js": {"path":"/Users/thanush/Desktop/Jawad/server/models/Order.js","statementMap":{"0":{"start":{"line":6,"column":17},"end":{"line":6,"column":36}},"1":{"start":{"line":9,"column":24},"end":{"line":36,"column":18}},"2":{"start":{"line":39,"column":22},"end":{"line":63,"column":18}},"3":{"start":{"line":66,"column":27},"end":{"line":77,"column":18}},"4":{"start":{"line":80,"column":20},"end":{"line":157,"column":2}},"5":{"start":{"line":109,"column":26},"end":{"line":109,"column":40}},"6":{"start":{"line":160,"column":0},"end":{"line":160,"column":43}},"7":{"start":{"line":161,"column":0},"end":{"line":161,"column":48}},"8":{"start":{"line":162,"column":0},"end":{"line":162,"column":40}},"9":{"start":{"line":163,"column":0},"end":{"line":163,"column":37}},"10":{"start":{"line":166,"column":0},"end":{"line":187,"column":3}},"11":{"start":{"line":168,"column":4},"end":{"line":170,"column":7}},"12":{"start":{"line":169,"column":8},"end":{"line":169,"column":48}},"13":{"start":{"line":173,"column":4},"end":{"line":173,"column":74}},"14":{"start":{"line":173,"column":53},"end":{"line":173,"column":69}},"15":{"start":{"line":176,"column":4},"end":{"line":176,"column":53}},"16":{"start":{"line":179,"column":4},"end":{"line":184,"column":5}},"17":{"start":{"line":180,"column":8},"end":{"line":183,"column":11}},"18":{"start":{"line":186,"column":4},"end":{"line":186,"column":11}},"19":{"start":{"line":190,"column":0},"end":{"line":198,"column":2}},"20":{"start":{"line":191,"column":4},"end":{"line":191,"column":28}},"21":{"start":{"line":192,"column":4},"end":{"line":196,"column":7}},"22":{"start":{"line":197,"column":4},"end":{"line":197,"column":23}},"23":{"start":{"line":201,"column":0},"end":{"line":207,"column":2}},"24":{"start":{"line":202,"column":4},"end":{"line":202,"column":32}},"25":{"start":{"line":203,"column":4},"end":{"line":203,"column":39}},"26":{"start":{"line":204,"column":4},"end":{"line":204,"column":39}},"27":{"start":{"line":205,"column":4},"end":{"line":205,"column":30}},"28":{"start":{"line":206,"column":4},"end":{"line":206,"column":23}},"29":{"start":{"line":210,"column":0},"end":{"line":223,"column":2}},"30":{"start":{"line":213,"column":16},"end":{"line":213,"column":26}},"31":{"start":{"line":214,"column":20},"end":{"line":214,"column":68}},"32":{"start":{"line":215,"column":18},"end":{"line":215,"column":52}},"33":{"start":{"line":216,"column":21},"end":{"line":216,"column":23}},"34":{"start":{"line":217,"column":19},"end":{"line":217,"column":36}},"35":{"start":{"line":218,"column":24},"end":{"line":218,"column":45}},"36":{"start":{"line":219,"column":4},"end":{"line":221,"column":5}},"37":{"start":{"line":219,"column":17},"end":{"line":219,"column":18}},"38":{"start":{"line":220,"column":8},"end":{"line":220,"column":66}},"39":{"start":{"line":222,"column":4},"end":{"line":222,"column":41}},"40":{"start":{"line":226,"column":0},"end":{"line":228,"column":2}},"41":{"start":{"line":227,"column":4},"end":{"line":227,"column":74}},"42":{"start":{"line":230,"column":14},"end":{"line":230,"column":50}},"43":{"start":{"line":232,"column":0},"end":{"line":232,"column":23}}},"fnMap":{"0":{"name":"(anonymous_0)","decl":{"start":{"line":109,"column":19},"end":{"line":109,"column":20}},"loc":{"start":{"line":109,"column":26},"end":{"line":109,"column":40}},"line":109},"1":{"name":"(anonymous_1)","decl":{"start":{"line":166,"column":24},"end":{"line":166,"column":25}},"loc":{"start":{"line":166,"column":39},"end":{"line":187,"column":1}},"line":166},"2":{"name":"(anonymous_2)","decl":{"start":{"line":168,"column":23},"end":{"line":168,"column":24}},"loc":{"start":{"line":168,"column":31},"end":{"line":170,"column":5}},"line":168},"3":{"name":"(anonymous_3)","decl":{"start":{"line":173,"column":38},"end":{"line":173,"column":39}},"loc":{"start":{"line":173,"column":53},"end":{"line":173,"column":69}},"line":173},"4":{"name":"(anonymous_4)","decl":{"start":{"line":190,"column":35},"end":{"line":190,"column":36}},"loc":{"start":{"line":190,"column":66},"end":{"line":198,"column":1}},"line":190},"5":{"name":"(anonymous_5)","decl":{"start":{"line":201,"column":33},"end":{"line":201,"column":34}},"loc":{"start":{"line":201,"column":64},"end":{"line":207,"column":1}},"line":201},"6":{"name":"(anonymous_6)","decl":{"start":{"line":210,"column":38},"end":{"line":210,"column":39}},"loc":{"start":{"line":210,"column":49},"end":{"line":223,"column":1}},"line":210},"7":{"name":"(anonymous_7)","decl":{"start":{"line":226,"column":34},"end":{"line":226,"column":35}},"loc":{"start":{"line":226,"column":50},"end":{"line":228,"column":1}},"line":226}},"branchMap":{"0":{"loc":{"start":{"line":179,"column":4},"end":{"line":184,"column":5}},"type":"if","locations":[{"start":{"line":179,"column":4},"end":{"line":184,"column":5}},{"start":{},"end":{}}],"line":179},"1":{"loc":{"start":{"line":190,"column":55},"end":{"line":190,"column":64}},"type":"default-arg","locations":[{"start":{"line":190,"column":62},"end":{"line":190,"column":64}}],"line":190}},"s":{"0":3,"1":3,"2":3,"3":3,"4":3,"5":28,"6":3,"7":3,"8":3,"9":3,"10":3,"11":14,"12":15,"13":14,"14":15,"15":14,"16":14,"17":1,"18":14,"19":3,"20":0,"21":0,"22":0,"23":3,"24":0,"25":0,"26":0,"27":0,"28":0,"29":3,"30":132,"31":132,"32":132,"33":132,"34":132,"35":132,"36":132,"37":132,"38":792,"39":132,"40":3,"41":0,"42":3,"43":3},"f":{"0":28,"1":14,"2":15,"3":15,"4":0,"5":0,"6":132,"7":0},"b":{"0":[1,13],"1":[0]},"_coverageSchema":"1a1c01bbd47fc00a2c39e90264f33305004495a9","hash":"ada9b3fa9b37d456cf018678cb30ac28fd97cb8d"}
,"/Users/thanush/Desktop/Jawad/server/models/Product.js": {"path":"/Users/thanush/Desktop/Jawad/server/models/Product.js","statementMap":{"0":{"start":{"line":6,"column":17},"end":{"line":6,"column":36}},"1":{"start":{"line":8,"column":22},"end":{"line":63,"column":2}},"2":{"start":{"line":66,"column":0},"end":{"line":66,"column":35}},"3":{"start":{"line":67,"column":0},"end":{"line":67,"column":59}},"4":{"start":{"line":70,"column":0},"end":{"line":72,"column":2}},"5":{"start":{"line":71,"column":4},"end":{"line":71,"column":52}},"6":{"start":{"line":75,"column":0},"end":{"line":77,"column":2}},"7":{"start":{"line":76,"column":4},"end":{"line":76,"column":37}},"8":{"start":{"line":80,"column":0},"end":{"line":85,"column":2}},"9":{"start":{"line":81,"column":18},"end":{"line":81,"column":42}},"10":{"start":{"line":83,"column":4},"end":{"line":83,"column":41}},"11":{"start":{"line":83,"column":29},"end":{"line":83,"column":41}},"12":{"start":{"line":84,"column":4},"end":{"line":84,"column":29}},"13":{"start":{"line":88,"column":0},"end":{"line":90,"column":2}},"14":{"start":{"line":89,"column":4},"end":{"line":89,"column":39}},"15":{"start":{"line":92,"column":16},"end":{"line":92,"column":56}},"16":{"start":{"line":94,"column":0},"end":{"line":94,"column":25}}},"fnMap":{"0":{"name":"(anonymous_0)","decl":{"start":{"line":70,"column":44},"end":{"line":70,"column":45}},"loc":{"start":{"line":70,"column":63},"end":{"line":72,"column":1}},"line":70},"1":{"name":"(anonymous_1)","decl":{"start":{"line":75,"column":33},"end":{"line":75,"column":34}},"loc":{"start":{"line":75,"column":52},"end":{"line":77,"column":1}},"line":75},"2":{"name":"(anonymous_2)","decl":{"start":{"line":80,"column":33},"end":{"line":80,"column":34}},"loc":{"start":{"line":80,"column":62},"end":{"line":85,"column":1}},"line":80},"3":{"name":"(anonymous_3)","decl":{"start":{"line":88,"column":35},"end":{"line":88,"column":36}},"loc":{"start":{"line":88,"column":46},"end":{"line":90,"column":1}},"line":88}},"branchMap":{"0":{"loc":{"start":{"line":71,"column":11},"end":{"line":71,"column":51}},"type":"binary-expr","locations":[{"start":{"line":71,"column":11},"end":{"line":71,"column":36}},{"start":{"line":71,"column":40},"end":{"line":71,"column":51}}],"line":71},"1":{"loc":{"start":{"line":83,"column":4},"end":{"line":83,"column":41}},"type":"if","locations":[{"start":{"line":83,"column":4},"end":{"line":83,"column":41}},{"start":{},"end":{}}],"line":83}},"s":{"0":1,"1":1,"2":1,"3":1,"4":1,"5":0,"6":1,"7":0,"8":1,"9":0,"10":0,"11":0,"12":0,"13":1,"14":0,"15":1,"16":1},"f":{"0":0,"1":0,"2":0,"3":0},"b":{"0":[0,0],"1":[0,0]},"_coverageSchema":"1a1c01bbd47fc00a2c39e90264f33305004495a9","hash":"339a6ed7b2d72d495d5b06973da0f71813128bdc"}
,"/Users/thanush/Desktop/Jawad/server/routes/cart.js": {"path":"/Users/thanush/Desktop/Jawad/server/routes/cart.js","statementMap":{"0":{"start":{"line":6,"column":16},"end":{"line":6,"column":34}},"1":{"start":{"line":7,"column":15},"end":{"line":7,"column":31}},"2":{"start":{"line":8,"column":42},"end":{"line":8,"column":82}},"3":{"start":{"line":9,"column":30},"end":{"line":9,"column":65}},"4":{"start":{"line":12,"column":0},"end":{"line":12,"column":58}},"5":{"start":{"line":15,"column":0},"end":{"line":15,"column":62}},"6":{"start":{"line":17,"column":0},"end":{"line":17,"column":24}}},"fnMap":{},"branchMap":{},"s":{"0":0,"1":0,"2":0,"3":0,"4":0,"5":0,"6":0},"f":{},"b":{}}
,"/Users/thanush/Desktop/Jawad/server/routes/orders.js": {"path":"/Users/thanush/Desktop/Jawad/server/routes/orders.js","statementMap":{"0":{"start":{"line":6,"column":16},"end":{"line":6,"column":34}},"1":{"start":{"line":7,"column":15},"end":{"line":7,"column":31}},"2":{"start":{"line":8,"column":24},"end":{"line":8,"column":65}},"3":{"start":{"line":9,"column":26},"end":{"line":9,"column":61}},"4":{"start":{"line":10,"column":29},"end":{"line":10,"column":63}},"5":{"start":{"line":13,"column":0},"end":{"line":13,"column":79}},"6":{"start":{"line":16,"column":0},"end":{"line":16,"column":50}},"7":{"start":{"line":19,"column":0},"end":{"line":19,"column":61}},"8":{"start":{"line":22,"column":0},"end":{"line":22,"column":62}},"9":{"start":{"line":24,"column":0},"end":{"line":24,"column":24}}},"fnMap":{},"branchMap":{},"s":{"0":1,"1":1,"2":1,"3":1,"4":1,"5":1,"6":1,"7":1,"8":1,"9":1},"f":{},"b":{},"_coverageSchema":"1a1c01bbd47fc00a2c39e90264f33305004495a9","hash":"5ed6a038041e1405b79101c39a3d8c3d565f7de6"}
,"/Users/thanush/Desktop/Jawad/server/routes/payments.js": {"path":"/Users/thanush/Desktop/Jawad/server/routes/payments.js","statementMap":{"0":{"start":{"line":6,"column":16},"end":{"line":6,"column":34}},"1":{"start":{"line":7,"column":15},"end":{"line":7,"column":31}},"2":{"start":{"line":8,"column":26},"end":{"line":8,"column":69}},"3":{"start":{"line":9,"column":31},"end":{"line":9,"column":65}},"4":{"start":{"line":12,"column":0},"end":{"line":12,"column":88}},"5":{"start":{"line":15,"column":0},"end":{"line":15,"column":56}},"6":{"start":{"line":18,"column":0},"end":{"line":18,"column":100}},"7":{"start":{"line":20,"column":0},"end":{"line":20,"column":24}}},"fnMap":{},"branchMap":{},"s":{"0":0,"1":0,"2":0,"3":0,"4":0,"5":0,"6":0,"7":0},"f":{},"b":{}}
,"/Users/thanush/Desktop/Jawad/server/routes/products.js": {"path":"/Users/thanush/Desktop/Jawad/server/routes/products.js","statementMap":{"0":{"start":{"line":6,"column":16},"end":{"line":6,"column":34}},"1":{"start":{"line":7,"column":15},"end":{"line":7,"column":31}},"2":{"start":{"line":8,"column":26},"end":{"line":8,"column":69}},"3":{"start":{"line":11,"column":0},"end":{"line":11,"column":50}},"4":{"start":{"line":14,"column":0},"end":{"line":14,"column":53}},"5":{"start":{"line":16,"column":0},"end":{"line":16,"column":24}}},"fnMap":{},"branchMap":{},"s":{"0":0,"1":0,"2":0,"3":0,"4":0,"5":0},"f":{},"b":{}}
}
