TN:
SF:server/server.js
FN:51,(anonymous_0)
FN:58,(anonymous_1)
FN:73,(anonymous_2)
FN:84,(anonymous_3)
FN:103,(anonymous_4)
FN:132,(anonymous_5)
FNF:6
FNH:0
FNDA:0,(anonymous_0)
FNDA:0,(anonymous_1)
FNDA:0,(anonymous_2)
FNDA:0,(anonymous_3)
FNDA:0,(anonymous_4)
FNDA:0,(anonymous_5)
DA:6,0
DA:7,0
DA:9,0
DA:10,0
DA:11,0
DA:12,0
DA:13,0
DA:16,0
DA:17,0
DA:18,0
DA:19,0
DA:22,0
DA:25,0
DA:28,0
DA:31,0
DA:34,0
DA:37,0
DA:43,0
DA:46,0
DA:47,0
DA:50,0
DA:51,0
DA:52,0
DA:53,0
DA:58,0
DA:59,0
DA:67,0
DA:68,0
DA:69,0
DA:70,0
DA:73,0
DA:74,0
DA:81,0
DA:84,0
DA:86,0
DA:87,0
DA:91,0
DA:92,0
DA:102,0
DA:103,0
DA:104,0
DA:112,0
DA:113,0
DA:120,0
DA:129,0
DA:131,0
DA:132,0
DA:133,0
DA:146,0
LF:49
LH:0
BRDA:38,0,0,0
BRDA:38,0,1,0
BRDA:50,1,0,0
BRDA:50,1,1,0
BRDA:86,2,0,0
BRDA:86,2,1,0
BRDA:91,3,0,0
BRDA:91,3,1,0
BRDA:91,4,0,0
BRDA:91,4,1,0
BRDA:102,5,0,0
BRDA:102,5,1,0
BRDA:112,6,0,0
BRDA:112,6,1,0
BRDA:120,7,0,0
BRDA:120,7,1,0
BRDA:122,8,0,0
BRDA:122,8,1,0
BRDA:124,9,0,0
BRDA:124,9,1,0
BRDA:129,10,0,0
BRDA:129,10,1,0
BRDA:131,11,0,0
BRDA:131,11,1,0
BRDA:139,12,0,0
BRDA:139,12,1,0
BRF:26
BRH:0
end_of_record
TN:
SF:server/config/db.js
FN:7,(anonymous_0)
FN:21,(anonymous_1)
FN:25,(anonymous_2)
FN:29,(anonymous_3)
FN:34,(anonymous_4)
FNF:5
FNH:0
FNDA:0,(anonymous_0)
FNDA:0,(anonymous_1)
FNDA:0,(anonymous_2)
FNDA:0,(anonymous_3)
FNDA:0,(anonymous_4)
DA:5,0
DA:7,0
DA:8,0
DA:9,0
DA:11,0
DA:16,0
DA:18,0
DA:21,0
DA:22,0
DA:25,0
DA:26,0
DA:29,0
DA:30,0
DA:34,0
DA:35,0
DA:36,0
DA:37,0
DA:41,0
DA:43,0
DA:47,0
LF:20
LH:0
BRDA:9,0,0,0
BRDA:9,0,1,0
BRF:2
BRH:0
end_of_record
TN:
SF:server/config/sentry.js
FN:14,(anonymous_0)
FN:19,(anonymous_1)
FN:23,(anonymous_2)
FN:24,(anonymous_3)
FN:25,(anonymous_4)
FN:26,(anonymous_5)
FN:41,(anonymous_6)
FN:84,(anonymous_7)
FN:95,(anonymous_8)
FN:98,(anonymous_9)
FN:119,(anonymous_10)
FN:122,(anonymous_11)
FN:132,(anonymous_12)
FN:135,(anonymous_13)
FNF:14
FNH:0
FNDA:0,(anonymous_0)
FNDA:0,(anonymous_1)
FNDA:0,(anonymous_2)
FNDA:0,(anonymous_3)
FNDA:0,(anonymous_4)
FNDA:0,(anonymous_5)
FNDA:0,(anonymous_6)
FNDA:0,(anonymous_7)
FNDA:0,(anonymous_8)
FNDA:0,(anonymous_9)
FNDA:0,(anonymous_10)
FNDA:0,(anonymous_11)
FNDA:0,(anonymous_12)
FNDA:0,(anonymous_13)
DA:11,0
DA:14,0
DA:15,0
DA:19,0
DA:20,0
DA:21,0
DA:22,0
DA:23,0
DA:24,0
DA:30,0
DA:43,0
DA:44,0
DA:45,0
DA:49,0
DA:50,0
DA:55,0
DA:56,0
DA:57,0
DA:59,0
DA:60,0
DA:63,0
DA:66,0
DA:79,0
DA:81,0
DA:86,0
DA:95,0
DA:96,0
DA:98,0
DA:100,0
DA:101,0
DA:106,0
DA:107,0
DA:110,0
DA:111,0
DA:114,0
DA:119,0
DA:120,0
DA:122,0
DA:123,0
DA:124,0
DA:125,0
DA:126,0
DA:127,0
DA:132,0
DA:133,0
DA:135,0
DA:136,0
DA:137,0
DA:138,0
DA:142,0
LF:50
LH:0
BRDA:20,0,0,0
BRDA:20,0,1,0
BRDA:32,1,0,0
BRDA:32,1,1,0
BRDA:35,2,0,0
BRDA:35,2,1,0
BRDA:38,3,0,0
BRDA:38,3,1,0
BRDA:43,4,0,0
BRDA:43,4,1,0
BRDA:43,5,0,0
BRDA:43,5,1,0
BRDA:49,6,0,0
BRDA:49,6,1,0
BRDA:49,7,0,0
BRDA:49,7,1,0
BRDA:50,8,0,0
BRDA:50,8,1,0
BRDA:55,9,0,0
BRDA:55,9,1,0
BRDA:56,10,0,0
BRDA:56,10,1,0
BRDA:57,11,0,0
BRDA:57,11,1,0
BRDA:59,12,0,0
BRDA:59,12,1,0
BRDA:86,13,0,0
BRDA:86,13,1,0
BRDA:95,14,0,0
BRDA:96,15,0,0
BRDA:96,15,1,0
BRDA:100,16,0,0
BRDA:100,16,1,0
BRDA:102,17,0,0
BRDA:102,17,1,0
BRDA:106,18,0,0
BRDA:106,18,1,0
BRDA:110,19,0,0
BRDA:110,19,1,0
BRDA:120,20,0,0
BRDA:120,20,1,0
BRDA:125,21,0,0
BRDA:125,21,1,0
BRDA:132,22,0,0
BRDA:133,23,0,0
BRDA:133,23,1,0
BRF:46
BRH:0
end_of_record
TN:
SF:server/controllers/cartController.js
FN:17,(anonymous_0)
FN:59,(anonymous_1)
FN:69,(anonymous_2)
FN:92,(anonymous_3)
FNF:4
FNH:0
FNDA:0,(anonymous_0)
FNDA:0,(anonymous_1)
FNDA:0,(anonymous_2)
FNDA:0,(anonymous_3)
DA:6,0
DA:9,0
DA:10,0
DA:11,0
DA:17,0
DA:18,0
DA:19,0
DA:21,0
DA:22,0
DA:28,0
DA:29,0
DA:31,0
DA:32,0
DA:35,0
DA:37,0
DA:38,0
DA:43,0
DA:47,0
DA:49,0
DA:59,0
DA:60,0
DA:61,0
DA:63,0
DA:69,0
DA:80,0
DA:81,0
DA:92,0
DA:93,0
DA:94,0
DA:96,0
DA:97,0
DA:103,0
DA:104,0
DA:106,0
DA:107,0
DA:110,0
DA:112,0
DA:113,0
DA:114,0
DA:118,0
DA:119,0
DA:121,0
DA:136,0
DA:137,0
LF:44
LH:0
BRDA:21,0,0,0
BRDA:21,0,1,0
BRDA:21,1,0,0
BRDA:21,1,1,0
BRDA:21,1,2,0
BRDA:37,2,0,0
BRDA:37,2,1,0
BRDA:60,3,0,0
BRDA:60,3,1,0
BRDA:96,4,0,0
BRDA:96,4,1,0
BRDA:96,5,0,0
BRDA:96,5,1,0
BRDA:112,6,0,0
BRDA:112,6,1,0
BRDA:118,7,0,0
BRDA:118,7,1,0
BRDA:118,8,0,0
BRDA:118,8,1,0
BRDA:128,9,0,0
BRDA:128,9,1,0
BRF:21
BRH:0
end_of_record
TN:
SF:server/controllers/orderController.js
FN:18,(anonymous_0)
FN:97,(anonymous_1)
FN:138,(anonymous_2)
FN:169,(anonymous_3)
FN:217,(anonymous_4)
FN:234,(anonymous_5)
FNF:6
FNH:1
FNDA:1,(anonymous_0)
FNDA:0,(anonymous_1)
FNDA:0,(anonymous_2)
FNDA:0,(anonymous_3)
FNDA:0,(anonymous_4)
FNDA:0,(anonymous_5)
DA:6,1
DA:7,1
DA:8,1
DA:11,1
DA:12,1
DA:18,1
DA:19,1
DA:26,1
DA:29,1
DA:30,1
DA:32,1
DA:33,1
DA:35,1
DA:36,0
DA:42,1
DA:43,1
DA:45,1
DA:56,1
DA:57,1
DA:60,1
DA:63,1
DA:85,1
DA:88,0
DA:89,0
DA:96,0
DA:97,0
DA:101,0
DA:102,0
DA:106,0
DA:109,0
DA:112,0
DA:126,1
DA:127,1
DA:138,1
DA:139,0
DA:140,0
DA:142,0
DA:144,0
DA:145,0
DA:151,0
DA:157,0
DA:158,0
DA:169,1
DA:170,0
DA:171,0
DA:172,0
DA:174,0
DA:176,0
DA:177,0
DA:184,0
DA:185,0
DA:186,0
DA:193,0
DA:195,0
DA:205,0
DA:206,0
DA:217,1
DA:218,0
DA:219,0
DA:222,0
DA:223,0
DA:229,0
DA:231,0
DA:234,0
DA:245,0
DA:246,0
LF:66
LH:26
BRDA:35,0,0,0
BRDA:35,0,1,1
BRDA:56,1,0,1
BRDA:56,1,1,0
BRDA:68,2,0,1
BRDA:68,2,1,0
BRDA:76,3,0,1
BRDA:76,3,1,0
BRDA:77,4,0,1
BRDA:77,4,1,0
BRDA:80,5,0,1
BRDA:80,5,1,0
BRDA:97,6,0,0
BRDA:97,6,1,0
BRDA:101,7,0,0
BRDA:101,7,1,0
BRDA:144,8,0,0
BRDA:144,8,1,0
BRDA:176,9,0,0
BRDA:176,9,1,0
BRDA:185,10,0,0
BRDA:185,10,1,0
BRDA:193,11,0,0
BRDA:193,11,1,0
BRDA:222,12,0,0
BRDA:222,12,1,0
BRF:26
BRH:6
end_of_record
TN:
SF:server/controllers/paymentController.js
FN:32,(anonymous_0)
FN:109,(anonymous_1)
FN:180,(anonymous_2)
FN:244,handlePaymentCaptured
FN:262,handlePaymentFailed
FN:278,handleRefundProcessed
FNF:6
FNH:0
FNDA:0,(anonymous_0)
FNDA:0,(anonymous_1)
FNDA:0,(anonymous_2)
FNDA:0,handlePaymentCaptured
FNDA:0,handlePaymentFailed
FNDA:0,handleRefundProcessed
DA:6,0
DA:7,0
DA:12,0
DA:14,0
DA:15,0
DA:16,0
DA:17,0
DA:21,0
DA:25,0
DA:32,0
DA:33,0
DA:34,0
DA:36,0
DA:37,0
DA:44,0
DA:46,0
DA:47,0
DA:54,0
DA:55,0
DA:62,0
DA:64,0
DA:71,0
DA:82,0
DA:83,0
DA:85,0
DA:97,0
DA:98,0
DA:109,0
DA:110,0
DA:116,0
DA:119,0
DA:121,0
DA:122,0
DA:129,0
DA:130,0
DA:137,0
DA:142,0
DA:144,0
DA:145,0
DA:147,0
DA:154,0
DA:156,0
DA:168,0
DA:169,0
DA:180,0
DA:181,0
DA:182,0
DA:185,0
DA:186,0
DA:192,0
DA:194,0
DA:195,0
DA:201,0
DA:206,0
DA:207,0
DA:213,0
DA:216,0
DA:218,0
DA:219,0
DA:222,0
DA:223,0
DA:226,0
DA:227,0
DA:231,0
DA:234,0
DA:238,0
DA:239,0
DA:245,0
DA:246,0
DA:250,0
DA:251,0
DA:252,0
DA:253,0
DA:254,0
DA:258,0
DA:263,0
DA:264,0
DA:268,0
DA:269,0
DA:270,0
DA:274,0
DA:279,0
DA:280,0
DA:284,0
DA:285,0
DA:286,0
DA:290,0
LF:87
LH:0
BRDA:15,0,0,0
BRDA:15,0,1,0
BRDA:15,1,0,0
BRDA:15,1,1,0
BRDA:36,2,0,0
BRDA:36,2,1,0
BRDA:36,3,0,0
BRDA:36,3,1,0
BRDA:46,4,0,0
BRDA:46,4,1,0
BRDA:54,5,0,0
BRDA:54,5,1,0
BRDA:62,6,0,0
BRDA:62,6,1,0
BRDA:62,7,0,0
BRDA:62,7,1,0
BRDA:97,8,0,0
BRDA:97,8,1,0
BRDA:121,9,0,0
BRDA:121,9,1,0
BRDA:129,10,0,0
BRDA:129,10,1,0
BRDA:142,11,0,0
BRDA:142,11,1,0
BRDA:168,12,0,0
BRDA:168,12,1,0
BRDA:185,13,0,0
BRDA:185,13,1,0
BRDA:194,14,0,0
BRDA:194,14,1,0
BRDA:206,15,0,0
BRDA:206,15,1,0
BRDA:216,16,0,0
BRDA:216,16,1,0
BRDA:216,16,2,0
BRDA:216,16,3,0
BRDA:238,17,0,0
BRDA:238,17,1,0
BRDA:250,18,0,0
BRDA:250,18,1,0
BRDA:250,19,0,0
BRDA:250,19,1,0
BRDA:258,20,0,0
BRDA:258,20,1,0
BRDA:268,21,0,0
BRDA:268,21,1,0
BRDA:274,22,0,0
BRDA:274,22,1,0
BRDA:284,23,0,0
BRDA:284,23,1,0
BRDA:290,24,0,0
BRDA:290,24,1,0
BRF:52
BRH:0
end_of_record
TN:
SF:server/controllers/productController.js
FN:11,(anonymous_0)
FN:26,(anonymous_1)
FN:34,(anonymous_2)
FN:62,(anonymous_3)
FN:83,(anonymous_4)
FN:93,(anonymous_5)
FN:137,(anonymous_6)
FN:139,(anonymous_7)
FNF:8
FNH:3
FNDA:1,(anonymous_0)
FNDA:0,(anonymous_1)
FNDA:0,(anonymous_2)
FNDA:0,(anonymous_3)
FNDA:0,(anonymous_4)
FNDA:0,(anonymous_5)
FNDA:1,(anonymous_6)
FNDA:1,(anonymous_7)
DA:6,1
DA:7,1
DA:8,1
DA:11,1
DA:12,1
DA:13,1
DA:14,1
DA:15,1
DA:17,0
DA:18,0
DA:26,1
DA:27,0
DA:29,0
DA:32,0
DA:33,0
DA:34,0
DA:49,0
DA:57,0
DA:59,0
DA:62,0
DA:83,1
DA:84,0
DA:85,0
DA:88,0
DA:91,0
DA:92,0
DA:93,0
DA:95,0
DA:96,0
DA:102,0
DA:119,0
DA:125,0
DA:126,0
DA:137,1
DA:138,1
DA:139,1
DA:141,1
DA:142,0
DA:145,1
LF:39
LH:15
BRDA:32,0,0,0
BRDA:32,0,1,0
BRDA:32,1,0,0
BRDA:32,1,1,0
BRDA:91,2,0,0
BRDA:91,2,1,0
BRDA:95,3,0,0
BRDA:95,3,1,0
BRDA:141,4,0,0
BRDA:141,4,1,1
BRDA:141,5,0,1
BRDA:141,5,1,1
BRF:12
BRH:3
end_of_record
TN:
SF:server/middleware/rateLimit.js
FN:21,(anonymous_0)
FN:25,(anonymous_1)
FN:44,(anonymous_2)
FN:65,(anonymous_3)
FN:89,(anonymous_4)
FNF:5
FNH:1
FNDA:0,(anonymous_0)
FNDA:0,(anonymous_1)
FNDA:5,(anonymous_2)
FNDA:0,(anonymous_3)
FNDA:0,(anonymous_4)
DA:6,1
DA:12,1
DA:23,0
DA:27,0
DA:35,1
DA:46,5
DA:56,1
DA:66,0
DA:74,1
DA:89,1
DA:90,0
DA:101,0
DA:104,1
LF:13
LH:8
BRDA:23,0,0,0
BRDA:23,0,1,0
BRDA:46,1,0,5
BRDA:46,1,1,0
BRDA:46,1,2,0
BRDA:66,2,0,0
BRDA:66,2,1,0
BRF:7
BRH:1
end_of_record
TN:
SF:server/middleware/validation.js
FN:11,(anonymous_0)
FN:18,(anonymous_1)
FN:153,(anonymous_2)
FN:164,(anonymous_3)
FN:170,(anonymous_4)
FN:187,(anonymous_5)
FNF:6
FNH:2
FNDA:5,(anonymous_0)
FNDA:13,(anonymous_1)
FNDA:0,(anonymous_2)
FNDA:0,(anonymous_3)
FNDA:0,(anonymous_4)
FNDA:0,(anonymous_5)
DA:6,1
DA:11,1
DA:12,5
DA:14,5
DA:15,4
DA:18,13
DA:25,1
DA:31,1
DA:52,1
DA:153,1
DA:154,0
DA:155,0
DA:164,1
DA:165,0
DA:166,0
DA:169,0
DA:170,0
DA:173,0
DA:174,0
DA:175,0
DA:176,0
DA:178,0
DA:181,0
DA:187,1
DA:188,0
DA:189,0
DA:191,0
DA:194,1
LF:28
LH:13
BRDA:14,0,0,4
BRDA:14,0,1,1
BRDA:154,1,0,0
BRDA:154,1,1,0
BRDA:165,2,0,0
BRDA:165,2,1,0
BRDA:169,3,0,0
BRDA:169,3,1,0
BRDA:173,4,0,0
BRDA:173,4,1,0
BRDA:173,5,0,0
BRDA:173,5,1,0
BRDA:188,6,0,0
BRDA:188,6,1,0
BRF:14
BRH:2
end_of_record
TN:
SF:server/models/Customer.js
FN:90,(anonymous_0)
FN:98,(anonymous_1)
FN:108,(anonymous_2)
FN:109,(anonymous_3)
FN:113,(anonymous_4)
FN:122,(anonymous_5)
FNF:6
FNH:0
FNDA:0,(anonymous_0)
FNDA:0,(anonymous_1)
FNDA:0,(anonymous_2)
FNDA:0,(anonymous_3)
FNDA:0,(anonymous_4)
FNDA:0,(anonymous_5)
DA:6,1
DA:9,1
DA:44,1
DA:87,1
DA:90,1
DA:92,0
DA:93,0
DA:97,0
DA:98,0
DA:99,0
DA:103,0
DA:104,0
DA:108,1
DA:109,0
DA:113,1
DA:114,0
DA:115,0
DA:116,0
DA:117,0
DA:118,0
DA:122,1
DA:123,0
DA:125,0
DA:126,0
DA:131,0
DA:134,0
DA:135,0
DA:137,0
DA:138,0
DA:140,0
DA:143,0
DA:146,1
DA:148,1
LF:33
LH:10
BRDA:92,0,0,0
BRDA:92,0,1,0
BRDA:97,1,0,0
BRDA:97,1,1,0
BRDA:109,2,0,0
BRDA:109,2,1,0
BRDA:122,3,0,0
BRDA:125,4,0,0
BRDA:125,4,1,0
BRDA:134,5,0,0
BRDA:134,5,1,0
BRDA:134,6,0,0
BRDA:134,6,1,0
BRDA:137,7,0,0
BRDA:137,7,1,0
BRDA:137,8,0,0
BRDA:137,8,1,0
BRF:17
BRH:0
end_of_record
TN:
SF:server/models/Order.js
FN:109,(anonymous_0)
FN:166,(anonymous_1)
FN:168,(anonymous_2)
FN:173,(anonymous_3)
FN:190,(anonymous_4)
FN:201,(anonymous_5)
FN:210,(anonymous_6)
FN:226,(anonymous_7)
FNF:8
FNH:5
FNDA:28,(anonymous_0)
FNDA:14,(anonymous_1)
FNDA:15,(anonymous_2)
FNDA:15,(anonymous_3)
FNDA:0,(anonymous_4)
FNDA:0,(anonymous_5)
FNDA:132,(anonymous_6)
FNDA:0,(anonymous_7)
DA:6,3
DA:9,3
DA:39,3
DA:66,3
DA:80,3
DA:109,28
DA:160,3
DA:161,3
DA:162,3
DA:163,3
DA:166,3
DA:168,14
DA:169,15
DA:173,15
DA:176,14
DA:179,14
DA:180,1
DA:186,14
DA:190,3
DA:191,0
DA:192,0
DA:197,0
DA:201,3
DA:202,0
DA:203,0
DA:204,0
DA:205,0
DA:206,0
DA:210,3
DA:213,132
DA:214,132
DA:215,132
DA:216,132
DA:217,132
DA:218,132
DA:219,132
DA:220,792
DA:222,132
DA:226,3
DA:227,0
DA:230,3
DA:232,3
LF:42
LH:33
BRDA:179,0,0,1
BRDA:179,0,1,13
BRDA:190,1,0,0
BRF:3
BRH:2
end_of_record
TN:
SF:server/models/Product.js
FN:70,(anonymous_0)
FN:75,(anonymous_1)
FN:80,(anonymous_2)
FN:88,(anonymous_3)
FNF:4
FNH:0
FNDA:0,(anonymous_0)
FNDA:0,(anonymous_1)
FNDA:0,(anonymous_2)
FNDA:0,(anonymous_3)
DA:6,1
DA:8,1
DA:66,1
DA:67,1
DA:70,1
DA:71,0
DA:75,1
DA:76,0
DA:80,1
DA:81,0
DA:83,0
DA:84,0
DA:88,1
DA:89,0
DA:92,1
DA:94,1
LF:16
LH:10
BRDA:71,0,0,0
BRDA:71,0,1,0
BRDA:83,1,0,0
BRDA:83,1,1,0
BRF:4
BRH:0
end_of_record
TN:
SF:server/routes/cart.js
FNF:0
FNH:0
DA:6,0
DA:7,0
DA:8,0
DA:9,0
DA:12,0
DA:15,0
DA:17,0
LF:7
LH:0
BRF:0
BRH:0
end_of_record
TN:
SF:server/routes/orders.js
FNF:0
FNH:0
DA:6,1
DA:7,1
DA:8,1
DA:9,1
DA:10,1
DA:13,1
DA:16,1
DA:19,1
DA:22,1
DA:24,1
LF:10
LH:10
BRF:0
BRH:0
end_of_record
TN:
SF:server/routes/payments.js
FNF:0
FNH:0
DA:6,0
DA:7,0
DA:8,0
DA:9,0
DA:12,0
DA:15,0
DA:18,0
DA:20,0
LF:8
LH:0
BRF:0
BRH:0
end_of_record
TN:
SF:server/routes/products.js
FNF:0
FNH:0
DA:6,0
DA:7,0
DA:8,0
DA:11,0
DA:14,0
DA:16,0
LF:6
LH:0
BRF:0
BRH:0
end_of_record
