TN:
SF:server/server.js
FN:52,(anonymous_0)
FN:59,(anonymous_1)
FN:75,(anonymous_2)
FN:86,(anonymous_3)
FN:128,(anonymous_4)
FN:133,(anonymous_5)
FN:142,(anonymous_6)
FNF:7
FNH:0
FNDA:0,(anonymous_0)
FNDA:0,(anonymous_1)
FNDA:0,(anonymous_2)
FNDA:0,(anonymous_3)
FNDA:0,(anonymous_4)
FNDA:0,(anonymous_5)
FNDA:0,(anonymous_6)
DA:7,0
DA:8,0
DA:10,0
DA:11,0
DA:12,0
DA:13,0
DA:14,0
DA:17,0
DA:18,0
DA:19,0
DA:20,0
DA:23,0
DA:26,0
DA:29,0
DA:32,0
DA:35,0
DA:38,0
DA:44,0
DA:47,0
DA:48,0
DA:51,0
DA:52,0
DA:53,0
DA:54,0
DA:59,0
DA:60,0
DA:69,0
DA:70,0
DA:71,0
DA:72,0
DA:75,0
DA:76,0
DA:83,0
DA:86,0
DA:88,0
DA:89,0
DA:93,0
DA:94,0
DA:104,0
DA:105,0
DA:111,0
DA:112,0
DA:119,0
DA:128,0
DA:129,0
DA:130,0
DA:133,0
DA:134,0
DA:135,0
DA:139,0
DA:141,0
DA:142,0
DA:143,0
DA:157,0
LF:54
LH:0
BRDA:39,0,0,0
BRDA:39,0,1,0
BRDA:51,1,0,0
BRDA:51,1,1,0
BRDA:88,2,0,0
BRDA:88,2,1,0
BRDA:93,3,0,0
BRDA:93,3,1,0
BRDA:93,4,0,0
BRDA:93,4,1,0
BRDA:104,5,0,0
BRDA:104,5,1,0
BRDA:111,6,0,0
BRDA:111,6,1,0
BRDA:119,7,0,0
BRDA:119,7,1,0
BRDA:121,8,0,0
BRDA:121,8,1,0
BRDA:123,9,0,0
BRDA:123,9,1,0
BRDA:139,10,0,0
BRDA:139,10,1,0
BRDA:141,11,0,0
BRDA:141,11,1,0
BRDA:149,12,0,0
BRDA:149,12,1,0
BRF:26
BRH:0
end_of_record
TN:
SF:server/config/db.js
FN:7,(anonymous_0)
FN:21,(anonymous_1)
FN:25,(anonymous_2)
FN:29,(anonymous_3)
FN:34,(anonymous_4)
FNF:5
FNH:0
FNDA:0,(anonymous_0)
FNDA:0,(anonymous_1)
FNDA:0,(anonymous_2)
FNDA:0,(anonymous_3)
FNDA:0,(anonymous_4)
DA:5,0
DA:7,0
DA:8,0
DA:9,0
DA:11,0
DA:16,0
DA:18,0
DA:21,0
DA:22,0
DA:25,0
DA:26,0
DA:29,0
DA:30,0
DA:34,0
DA:35,0
DA:36,0
DA:37,0
DA:41,0
DA:43,0
DA:47,0
LF:20
LH:0
BRDA:9,0,0,0
BRDA:9,0,1,0
BRF:2
BRH:0
end_of_record
TN:
SF:server/config/prisma.js
FN:15,(anonymous_0)
FN:45,connectDatabase
FN:58,disconnectDatabase
FN:67,generateOrderId
FNF:4
FNH:0
FNDA:0,(anonymous_0)
FNDA:0,connectDatabase
FNDA:0,disconnectDatabase
FNDA:0,generateOrderId
DA:6,0
DA:7,0
DA:8,0
DA:9,0
DA:15,0
DA:17,0
DA:23,0
DA:26,0
DA:34,0
DA:35,0
DA:38,0
DA:39,0
DA:41,0
DA:46,0
DA:48,0
DA:49,0
DA:50,0
DA:52,0
DA:53,0
DA:59,0
DA:60,0
DA:61,0
DA:63,0
DA:68,0
DA:69,0
DA:70,0
DA:71,0
DA:72,0
DA:73,0
DA:75,0
DA:78,0
LF:31
LH:0
BRDA:28,0,0,0
BRDA:28,0,1,0
BRDA:34,1,0,0
BRDA:34,1,1,0
BRDA:38,2,0,0
BRDA:38,2,1,0
BRDA:60,3,0,0
BRDA:60,3,1,0
BRF:8
BRH:0
end_of_record
TN:
SF:server/config/sentry.js
FN:14,(anonymous_0)
FN:19,(anonymous_1)
FN:23,(anonymous_2)
FN:24,(anonymous_3)
FN:25,(anonymous_4)
FN:26,(anonymous_5)
FN:41,(anonymous_6)
FN:84,(anonymous_7)
FN:95,(anonymous_8)
FN:98,(anonymous_9)
FN:119,(anonymous_10)
FN:122,(anonymous_11)
FN:132,(anonymous_12)
FN:135,(anonymous_13)
FNF:14
FNH:0
FNDA:0,(anonymous_0)
FNDA:0,(anonymous_1)
FNDA:0,(anonymous_2)
FNDA:0,(anonymous_3)
FNDA:0,(anonymous_4)
FNDA:0,(anonymous_5)
FNDA:0,(anonymous_6)
FNDA:0,(anonymous_7)
FNDA:0,(anonymous_8)
FNDA:0,(anonymous_9)
FNDA:0,(anonymous_10)
FNDA:0,(anonymous_11)
FNDA:0,(anonymous_12)
FNDA:0,(anonymous_13)
DA:11,0
DA:14,0
DA:15,0
DA:19,0
DA:20,0
DA:21,0
DA:22,0
DA:23,0
DA:24,0
DA:30,0
DA:43,0
DA:44,0
DA:45,0
DA:49,0
DA:50,0
DA:55,0
DA:56,0
DA:57,0
DA:59,0
DA:60,0
DA:63,0
DA:66,0
DA:79,0
DA:81,0
DA:86,0
DA:95,0
DA:96,0
DA:98,0
DA:100,0
DA:101,0
DA:106,0
DA:107,0
DA:110,0
DA:111,0
DA:114,0
DA:119,0
DA:120,0
DA:122,0
DA:123,0
DA:124,0
DA:125,0
DA:126,0
DA:127,0
DA:132,0
DA:133,0
DA:135,0
DA:136,0
DA:137,0
DA:138,0
DA:142,0
LF:50
LH:0
BRDA:20,0,0,0
BRDA:20,0,1,0
BRDA:32,1,0,0
BRDA:32,1,1,0
BRDA:35,2,0,0
BRDA:35,2,1,0
BRDA:38,3,0,0
BRDA:38,3,1,0
BRDA:43,4,0,0
BRDA:43,4,1,0
BRDA:43,5,0,0
BRDA:43,5,1,0
BRDA:49,6,0,0
BRDA:49,6,1,0
BRDA:49,7,0,0
BRDA:49,7,1,0
BRDA:50,8,0,0
BRDA:50,8,1,0
BRDA:55,9,0,0
BRDA:55,9,1,0
BRDA:56,10,0,0
BRDA:56,10,1,0
BRDA:57,11,0,0
BRDA:57,11,1,0
BRDA:59,12,0,0
BRDA:59,12,1,0
BRDA:86,13,0,0
BRDA:86,13,1,0
BRDA:95,14,0,0
BRDA:96,15,0,0
BRDA:96,15,1,0
BRDA:100,16,0,0
BRDA:100,16,1,0
BRDA:102,17,0,0
BRDA:102,17,1,0
BRDA:106,18,0,0
BRDA:106,18,1,0
BRDA:110,19,0,0
BRDA:110,19,1,0
BRDA:120,20,0,0
BRDA:120,20,1,0
BRDA:125,21,0,0
BRDA:125,21,1,0
BRDA:132,22,0,0
BRDA:133,23,0,0
BRDA:133,23,1,0
BRF:46
BRH:0
end_of_record
TN:
SF:server/controllers/cartController.js
FN:17,(anonymous_0)
FN:59,(anonymous_1)
FN:69,(anonymous_2)
FN:92,(anonymous_3)
FNF:4
FNH:0
FNDA:0,(anonymous_0)
FNDA:0,(anonymous_1)
FNDA:0,(anonymous_2)
FNDA:0,(anonymous_3)
DA:6,0
DA:9,0
DA:10,0
DA:11,0
DA:17,0
DA:18,0
DA:19,0
DA:21,0
DA:22,0
DA:28,0
DA:29,0
DA:31,0
DA:32,0
DA:35,0
DA:37,0
DA:38,0
DA:43,0
DA:47,0
DA:49,0
DA:59,0
DA:60,0
DA:61,0
DA:63,0
DA:69,0
DA:80,0
DA:81,0
DA:92,0
DA:93,0
DA:94,0
DA:96,0
DA:97,0
DA:103,0
DA:104,0
DA:106,0
DA:107,0
DA:110,0
DA:112,0
DA:113,0
DA:114,0
DA:118,0
DA:119,0
DA:121,0
DA:136,0
DA:137,0
LF:44
LH:0
BRDA:21,0,0,0
BRDA:21,0,1,0
BRDA:21,1,0,0
BRDA:21,1,1,0
BRDA:21,1,2,0
BRDA:37,2,0,0
BRDA:37,2,1,0
BRDA:60,3,0,0
BRDA:60,3,1,0
BRDA:96,4,0,0
BRDA:96,4,1,0
BRDA:96,5,0,0
BRDA:96,5,1,0
BRDA:112,6,0,0
BRDA:112,6,1,0
BRDA:118,7,0,0
BRDA:118,7,1,0
BRDA:118,8,0,0
BRDA:118,8,1,0
BRDA:128,9,0,0
BRDA:128,9,1,0
BRF:21
BRH:0
end_of_record
TN:
SF:server/controllers/orderController.js
FN:18,(anonymous_0)
FN:128,(anonymous_1)
FN:162,(anonymous_2)
FN:225,(anonymous_3)
FN:259,(anonymous_4)
FNF:5
FNH:5
FNDA:1,(anonymous_0)
FNDA:2,(anonymous_1)
FNDA:2,(anonymous_2)
FNDA:3,(anonymous_3)
FNDA:2,(anonymous_4)
DA:7,1
DA:8,1
DA:11,1
DA:12,1
DA:18,1
DA:19,1
DA:26,1
DA:29,1
DA:30,1
DA:32,1
DA:33,1
DA:35,1
DA:36,0
DA:42,1
DA:43,1
DA:45,1
DA:56,1
DA:57,1
DA:60,1
DA:63,1
DA:64,1
DA:67,1
DA:71,1
DA:72,0
DA:82,1
DA:102,1
DA:116,0
DA:117,0
DA:128,1
DA:129,2
DA:130,2
DA:132,2
DA:137,2
DA:138,1
DA:144,1
DA:150,0
DA:151,0
DA:162,1
DA:163,2
DA:164,2
DA:165,2
DA:167,2
DA:171,2
DA:172,0
DA:179,2
DA:180,2
DA:181,1
DA:188,1
DA:189,1
DA:195,1
DA:203,1
DA:213,0
DA:214,0
DA:225,1
DA:226,3
DA:227,3
DA:230,3
DA:231,1
DA:238,2
DA:242,2
DA:243,1
DA:251,1
DA:256,1
DA:259,2
DA:270,0
DA:271,0
LF:66
LH:55
BRDA:35,0,0,0
BRDA:35,0,1,1
BRDA:56,1,0,1
BRDA:56,1,1,0
BRDA:63,2,0,1
BRDA:63,2,1,0
BRDA:71,3,0,0
BRDA:71,3,1,1
BRDA:76,4,0,0
BRDA:76,4,1,0
BRDA:91,5,0,1
BRDA:91,5,1,0
BRDA:94,6,0,1
BRDA:94,6,1,0
BRDA:137,7,0,1
BRDA:137,7,1,1
BRDA:171,8,0,0
BRDA:171,8,1,2
BRDA:180,9,0,1
BRDA:180,9,1,1
BRDA:188,10,0,1
BRDA:188,10,1,0
BRDA:192,11,0,1
BRDA:192,11,1,0
BRDA:230,12,0,1
BRDA:230,12,1,2
BRDA:242,13,0,1
BRDA:242,13,1,1
BRDA:263,14,0,2
BRDA:263,14,1,0
BRF:30
BRH:18
end_of_record
TN:
SF:server/controllers/paymentController.js
FN:33,(anonymous_0)
FN:115,(anonymous_1)
FN:207,(anonymous_2)
FN:271,handlePaymentCaptured
FN:301,handlePaymentFailed
FN:319,handleRefundProcessed
FNF:6
FNH:0
FNDA:0,(anonymous_0)
FNDA:0,(anonymous_1)
FNDA:0,(anonymous_2)
FNDA:0,handlePaymentCaptured
FNDA:0,handlePaymentFailed
FNDA:0,handleRefundProcessed
DA:7,0
DA:8,0
DA:13,0
DA:15,0
DA:16,0
DA:17,0
DA:18,0
DA:22,0
DA:26,0
DA:33,0
DA:34,0
DA:35,0
DA:37,0
DA:38,0
DA:45,0
DA:50,0
DA:51,0
DA:58,0
DA:59,0
DA:66,0
DA:68,0
DA:75,0
DA:86,0
DA:91,0
DA:103,0
DA:104,0
DA:115,0
DA:116,0
DA:122,0
DA:125,0
DA:129,0
DA:130,0
DA:137,0
DA:138,0
DA:145,0
DA:150,0
DA:152,0
DA:157,0
DA:164,0
DA:165,0
DA:172,0
DA:183,0
DA:195,0
DA:196,0
DA:207,0
DA:208,0
DA:209,0
DA:212,0
DA:213,0
DA:219,0
DA:221,0
DA:222,0
DA:228,0
DA:233,0
DA:234,0
DA:240,0
DA:243,0
DA:245,0
DA:246,0
DA:249,0
DA:250,0
DA:253,0
DA:254,0
DA:258,0
DA:261,0
DA:265,0
DA:266,0
DA:272,0
DA:273,0
DA:277,0
DA:278,0
DA:279,0
DA:285,0
DA:297,0
DA:302,0
DA:303,0
DA:307,0
DA:308,0
DA:315,0
DA:320,0
DA:321,0
DA:325,0
DA:326,0
DA:327,0
DA:333,0
DA:344,0
LF:86
LH:0
BRDA:16,0,0,0
BRDA:16,0,1,0
BRDA:16,1,0,0
BRDA:16,1,1,0
BRDA:37,2,0,0
BRDA:37,2,1,0
BRDA:37,3,0,0
BRDA:37,3,1,0
BRDA:50,4,0,0
BRDA:50,4,1,0
BRDA:58,5,0,0
BRDA:58,5,1,0
BRDA:66,6,0,0
BRDA:66,6,1,0
BRDA:66,7,0,0
BRDA:66,7,1,0
BRDA:103,8,0,0
BRDA:103,8,1,0
BRDA:129,9,0,0
BRDA:129,9,1,0
BRDA:137,10,0,0
BRDA:137,10,1,0
BRDA:150,11,0,0
BRDA:150,11,1,0
BRDA:164,12,0,0
BRDA:164,12,1,0
BRDA:195,13,0,0
BRDA:195,13,1,0
BRDA:212,14,0,0
BRDA:212,14,1,0
BRDA:221,15,0,0
BRDA:221,15,1,0
BRDA:233,16,0,0
BRDA:233,16,1,0
BRDA:243,17,0,0
BRDA:243,17,1,0
BRDA:243,17,2,0
BRDA:243,17,3,0
BRDA:265,18,0,0
BRDA:265,18,1,0
BRDA:277,19,0,0
BRDA:277,19,1,0
BRDA:277,20,0,0
BRDA:277,20,1,0
BRDA:278,21,0,0
BRDA:278,21,1,0
BRDA:297,22,0,0
BRDA:297,22,1,0
BRDA:307,23,0,0
BRDA:307,23,1,0
BRDA:315,24,0,0
BRDA:315,24,1,0
BRDA:325,25,0,0
BRDA:325,25,1,0
BRDA:326,26,0,0
BRDA:326,26,1,0
BRDA:344,27,0,0
BRDA:344,27,1,0
BRF:58
BRH:0
end_of_record
TN:
SF:server/controllers/productController.js
FN:12,(anonymous_0)
FN:24,(anonymous_1)
FN:45,(anonymous_2)
FN:62,(anonymous_3)
FN:82,(anonymous_4)
FN:100,(anonymous_5)
FN:110,(anonymous_6)
FN:117,(anonymous_7)
FN:124,(anonymous_8)
FN:131,(anonymous_9)
FN:134,(anonymous_10)
FN:137,(anonymous_11)
FN:173,(anonymous_12)
FN:189,(anonymous_13)
FN:194,(anonymous_14)
FN:218,(anonymous_15)
FN:271,(anonymous_16)
FN:291,(anonymous_17)
FN:321,(anonymous_18)
FN:323,(anonymous_19)
FNF:20
FNH:3
FNDA:1,(anonymous_0)
FNDA:0,(anonymous_1)
FNDA:0,(anonymous_2)
FNDA:0,(anonymous_3)
FNDA:0,(anonymous_4)
FNDA:0,(anonymous_5)
FNDA:0,(anonymous_6)
FNDA:0,(anonymous_7)
FNDA:0,(anonymous_8)
FNDA:0,(anonymous_9)
FNDA:0,(anonymous_10)
FNDA:0,(anonymous_11)
FNDA:0,(anonymous_12)
FNDA:0,(anonymous_13)
FNDA:0,(anonymous_14)
FNDA:0,(anonymous_15)
FNDA:0,(anonymous_16)
FNDA:0,(anonymous_17)
FNDA:1,(anonymous_18)
FNDA:1,(anonymous_19)
DA:7,1
DA:8,1
DA:9,1
DA:12,1
DA:13,1
DA:14,1
DA:15,1
DA:16,1
DA:18,0
DA:19,0
DA:24,1
DA:45,1
DA:46,0
DA:47,0
DA:49,0
DA:51,0
DA:52,0
DA:54,0
DA:62,1
DA:63,0
DA:64,0
DA:67,0
DA:68,0
DA:69,0
DA:77,0
DA:78,0
DA:79,0
DA:82,0
DA:98,0
DA:99,0
DA:100,0
DA:101,0
DA:109,0
DA:110,0
DA:114,0
DA:115,0
DA:117,0
DA:118,0
DA:119,0
DA:120,0
DA:122,0
DA:124,0
DA:125,0
DA:126,0
DA:127,0
DA:129,0
DA:131,0
DA:132,0
DA:134,0
DA:135,0
DA:137,0
DA:138,0
DA:140,0
DA:145,0
DA:146,0
DA:149,0
DA:156,0
DA:158,0
DA:160,0
DA:173,1
DA:174,0
DA:175,0
DA:177,0
DA:178,0
DA:184,0
DA:185,0
DA:187,0
DA:190,0
DA:194,0
DA:198,0
DA:206,0
DA:207,0
DA:218,1
DA:219,0
DA:220,0
DA:253,0
DA:259,0
DA:260,0
DA:271,1
DA:272,0
DA:273,0
DA:276,0
DA:277,0
DA:278,0
DA:289,0
DA:290,0
DA:291,0
DA:293,0
DA:294,0
DA:300,0
DA:303,0
DA:309,0
DA:310,0
DA:321,1
DA:322,1
DA:323,1
DA:325,1
DA:326,0
DA:329,1
LF:99
LH:19
BRDA:47,0,0,0
BRDA:47,0,1,0
BRDA:47,1,0,0
BRDA:47,1,1,0
BRDA:47,1,2,0
BRDA:47,1,3,0
BRDA:47,1,4,0
BRDA:47,1,5,0
BRDA:51,2,0,0
BRDA:51,2,1,0
BRDA:51,3,0,0
BRDA:51,3,1,0
BRDA:77,4,0,0
BRDA:77,4,1,0
BRDA:77,5,0,0
BRDA:77,5,1,0
BRDA:98,6,0,0
BRDA:98,6,1,0
BRDA:101,7,0,0
BRDA:101,7,1,0
BRDA:101,7,2,0
BRDA:101,7,3,0
BRDA:101,7,4,0
BRDA:101,7,5,0
BRDA:101,7,6,0
BRDA:109,8,0,0
BRDA:109,8,1,0
BRDA:109,9,0,0
BRDA:109,9,1,0
BRDA:114,10,0,0
BRDA:114,10,1,0
BRDA:115,11,0,0
BRDA:115,11,1,0
BRDA:115,11,2,0
BRDA:115,11,3,0
BRDA:115,11,4,0
BRDA:115,11,5,0
BRDA:118,12,0,0
BRDA:118,12,1,0
BRDA:119,13,0,0
BRDA:119,13,1,0
BRDA:125,14,0,0
BRDA:125,14,1,0
BRDA:126,15,0,0
BRDA:126,15,1,0
BRDA:137,16,0,0
BRDA:137,16,1,0
BRDA:137,17,0,0
BRDA:137,17,1,0
BRDA:145,18,0,0
BRDA:145,18,1,0
BRDA:145,19,0,0
BRDA:145,19,1,0
BRDA:175,20,0,0
BRDA:177,21,0,0
BRDA:177,21,1,0
BRDA:177,22,0,0
BRDA:177,22,1,0
BRDA:190,23,0,0
BRDA:190,23,1,0
BRDA:190,23,2,0
BRDA:190,23,3,0
BRDA:190,23,4,0
BRDA:190,23,5,0
BRDA:190,23,6,0
BRDA:190,23,7,0
BRDA:190,23,8,0
BRDA:289,24,0,0
BRDA:289,24,1,0
BRDA:293,25,0,0
BRDA:293,25,1,0
BRDA:325,26,0,0
BRDA:325,26,1,1
BRDA:325,27,0,1
BRDA:325,27,1,1
BRF:75
BRH:3
end_of_record
TN:
SF:server/middleware/rateLimit.js
FN:21,(anonymous_0)
FN:25,(anonymous_1)
FN:44,(anonymous_2)
FN:65,(anonymous_3)
FN:89,(anonymous_4)
FNF:5
FNH:1
FNDA:0,(anonymous_0)
FNDA:0,(anonymous_1)
FNDA:2,(anonymous_2)
FNDA:0,(anonymous_3)
FNDA:0,(anonymous_4)
DA:6,1
DA:12,1
DA:23,0
DA:27,0
DA:35,1
DA:46,2
DA:56,1
DA:66,0
DA:74,1
DA:89,1
DA:90,0
DA:101,0
DA:104,1
LF:13
LH:8
BRDA:23,0,0,0
BRDA:23,0,1,0
BRDA:46,1,0,2
BRDA:46,1,1,0
BRDA:46,1,2,0
BRDA:66,2,0,0
BRDA:66,2,1,0
BRF:7
BRH:1
end_of_record
TN:
SF:server/middleware/validation.js
FN:11,(anonymous_0)
FN:18,(anonymous_1)
FN:153,(anonymous_2)
FN:164,(anonymous_3)
FN:170,(anonymous_4)
FN:187,(anonymous_5)
FNF:6
FNH:2
FNDA:2,(anonymous_0)
FNDA:3,(anonymous_1)
FNDA:0,(anonymous_2)
FNDA:0,(anonymous_3)
FNDA:0,(anonymous_4)
FNDA:0,(anonymous_5)
DA:6,1
DA:11,1
DA:12,2
DA:14,2
DA:15,1
DA:18,3
DA:25,1
DA:31,1
DA:52,1
DA:153,1
DA:154,0
DA:155,0
DA:164,1
DA:165,0
DA:166,0
DA:169,0
DA:170,0
DA:173,0
DA:174,0
DA:175,0
DA:176,0
DA:178,0
DA:181,0
DA:187,1
DA:188,0
DA:189,0
DA:191,0
DA:194,1
LF:28
LH:13
BRDA:14,0,0,1
BRDA:14,0,1,1
BRDA:154,1,0,0
BRDA:154,1,1,0
BRDA:165,2,0,0
BRDA:165,2,1,0
BRDA:169,3,0,0
BRDA:169,3,1,0
BRDA:173,4,0,0
BRDA:173,4,1,0
BRDA:173,5,0,0
BRDA:173,5,1,0
BRDA:188,6,0,0
BRDA:188,6,1,0
BRF:14
BRH:2
end_of_record
TN:
SF:server/models/Customer.js
FN:90,(anonymous_0)
FN:98,(anonymous_1)
FN:108,(anonymous_2)
FN:109,(anonymous_3)
FN:113,(anonymous_4)
FN:122,(anonymous_5)
FNF:6
FNH:0
FNDA:0,(anonymous_0)
FNDA:0,(anonymous_1)
FNDA:0,(anonymous_2)
FNDA:0,(anonymous_3)
FNDA:0,(anonymous_4)
FNDA:0,(anonymous_5)
DA:6,0
DA:9,0
DA:44,0
DA:87,0
DA:90,0
DA:92,0
DA:93,0
DA:97,0
DA:98,0
DA:99,0
DA:103,0
DA:104,0
DA:108,0
DA:109,0
DA:113,0
DA:114,0
DA:115,0
DA:116,0
DA:117,0
DA:118,0
DA:122,0
DA:123,0
DA:125,0
DA:126,0
DA:131,0
DA:134,0
DA:135,0
DA:137,0
DA:138,0
DA:140,0
DA:143,0
DA:146,0
DA:148,0
LF:33
LH:0
BRDA:92,0,0,0
BRDA:92,0,1,0
BRDA:97,1,0,0
BRDA:97,1,1,0
BRDA:109,2,0,0
BRDA:109,2,1,0
BRDA:122,3,0,0
BRDA:125,4,0,0
BRDA:125,4,1,0
BRDA:134,5,0,0
BRDA:134,5,1,0
BRDA:134,6,0,0
BRDA:134,6,1,0
BRDA:137,7,0,0
BRDA:137,7,1,0
BRDA:137,8,0,0
BRDA:137,8,1,0
BRF:17
BRH:0
end_of_record
TN:
SF:server/models/Order.js
FN:109,(anonymous_0)
FN:166,(anonymous_1)
FN:168,(anonymous_2)
FN:173,(anonymous_3)
FN:190,(anonymous_4)
FN:201,(anonymous_5)
FN:210,(anonymous_6)
FN:226,(anonymous_7)
FNF:8
FNH:0
FNDA:0,(anonymous_0)
FNDA:0,(anonymous_1)
FNDA:0,(anonymous_2)
FNDA:0,(anonymous_3)
FNDA:0,(anonymous_4)
FNDA:0,(anonymous_5)
FNDA:0,(anonymous_6)
FNDA:0,(anonymous_7)
DA:6,0
DA:9,0
DA:39,0
DA:66,0
DA:80,0
DA:109,0
DA:160,0
DA:161,0
DA:162,0
DA:163,0
DA:166,0
DA:168,0
DA:169,0
DA:173,0
DA:176,0
DA:179,0
DA:180,0
DA:186,0
DA:190,0
DA:191,0
DA:192,0
DA:197,0
DA:201,0
DA:202,0
DA:203,0
DA:204,0
DA:205,0
DA:206,0
DA:210,0
DA:213,0
DA:214,0
DA:215,0
DA:216,0
DA:217,0
DA:218,0
DA:219,0
DA:220,0
DA:222,0
DA:226,0
DA:227,0
DA:230,0
DA:232,0
LF:42
LH:0
BRDA:179,0,0,0
BRDA:179,0,1,0
BRDA:190,1,0,0
BRF:3
BRH:0
end_of_record
TN:
SF:server/models/Product.js
FN:70,(anonymous_0)
FN:75,(anonymous_1)
FN:80,(anonymous_2)
FN:88,(anonymous_3)
FNF:4
FNH:0
FNDA:0,(anonymous_0)
FNDA:0,(anonymous_1)
FNDA:0,(anonymous_2)
FNDA:0,(anonymous_3)
DA:6,0
DA:8,0
DA:66,0
DA:67,0
DA:70,0
DA:71,0
DA:75,0
DA:76,0
DA:80,0
DA:81,0
DA:83,0
DA:84,0
DA:88,0
DA:89,0
DA:92,0
DA:94,0
LF:16
LH:0
BRDA:71,0,0,0
BRDA:71,0,1,0
BRDA:83,1,0,0
BRDA:83,1,1,0
BRF:4
BRH:0
end_of_record
TN:
SF:server/routes/cart.js
FNF:0
FNH:0
DA:6,0
DA:7,0
DA:8,0
DA:9,0
DA:12,0
DA:15,0
DA:17,0
LF:7
LH:0
BRF:0
BRH:0
end_of_record
TN:
SF:server/routes/orders.js
FNF:0
FNH:0
DA:6,1
DA:7,1
DA:8,1
DA:9,1
DA:10,1
DA:13,1
DA:16,1
DA:19,1
DA:22,1
DA:24,1
LF:10
LH:10
BRF:0
BRH:0
end_of_record
TN:
SF:server/routes/payments.js
FNF:0
FNH:0
DA:6,0
DA:7,0
DA:8,0
DA:9,0
DA:12,0
DA:15,0
DA:18,0
DA:20,0
LF:8
LH:0
BRF:0
BRH:0
end_of_record
TN:
SF:server/routes/products.js
FNF:0
FNH:0
DA:6,0
DA:7,0
DA:8,0
DA:11,0
DA:14,0
DA:17,0
DA:20,0
DA:22,0
LF:8
LH:0
BRF:0
BRH:0
end_of_record
